batch_i 5 loss 3.5358457565307617
batch_i 6 loss 3.5426554679870605
batch_i 7 loss 3.1460673809051514
batch_i 8 loss 2.895174980163574
batch_i 9 loss 2.8095428943634033
batch_i 10 loss 2.7439801692962646
batch_i 11 loss 2.675142288208008
batch_i 12 loss 2.693084716796875
batch_i 13 loss 2.533085823059082
batch_i 14 loss 2.5639688968658447
batch_i 15 loss 2.4971067905426025
batch_i 16 loss 2.5793185234069824
batch_i 17 loss 2.4317991733551025
batch_i 18 loss 2.473019599914551
batch_i 19 loss 2.4979605674743652
batch_i 20 loss 2.6077072620391846
batch_i 21 loss 2.6376872062683105
batch_i 22 loss 2.528047561645508
batch_i 23 loss 2.630044937133789
batch_i 24 loss 2.655233144760132
batch_i 25 loss 2.696476459503174
batch_i 26 loss 2.5466489791870117
batch_i 27 loss 2.656902551651001
batch_i 28 loss 2.7177352905273438
batch_i 29 loss 2.6547977924346924
batch_i 30 loss 2.6681182384490967
batch_i 31 loss 2.612553119659424
batch_i 32 loss 2.6252660751342773
batch_i 33 loss 2.640744924545288
batch_i 34 loss 2.706418752670288
batch_i 35 loss 2.6957523822784424
batch_i 36 loss 2.6828560829162598
batch_i 37 loss 2.7518558502197266
batch_i 38 loss 2.803621292114258
batch_i 39 loss 2.73946475982666
batch_i 40 loss 2.7494797706604004
batch_i 41 loss 2.7401106357574463
batch_i 42 loss 2.72957706451416
batch_i 43 loss 2.706380844116211
batch_i 44 loss 2.7051167488098145
batch_i 45 loss 2.8288323879241943
batch_i 46 loss 2.7903409004211426
batch_i 47 loss 2.701108694076538
batch_i 48 loss 2.693486452102661
batch_i 49 loss 2.6999709606170654
batch_i 50 loss 2.7894911766052246
batch_i 50 num_playouts 1000 win 10 lose 0 tie 0
batch_i 51 loss 2.7563953399658203
batch_i 52 loss 2.7413225173950195
batch_i 53 loss 2.720968723297119
batch_i 54 loss 2.7387924194335938
batch_i 55 loss 2.7382493019104004
batch_i 56 loss 2.68975830078125
batch_i 57 loss 2.693751335144043
batch_i 58 loss 2.77998948097229
batch_i 59 loss 2.7418813705444336
batch_i 60 loss 2.7444546222686768
batch_i 61 loss 2.8284945487976074
batch_i 62 loss 2.739511251449585
batch_i 63 loss 2.707895278930664
batch_i 64 loss 2.65911602973938
batch_i 65 loss 2.738055944442749
batch_i 66 loss 2.752964735031128
batch_i 67 loss 2.643829107284546
batch_i 68 loss 2.607046127319336
batch_i 69 loss 2.7022807598114014
batch_i 70 loss 2.6510367393493652
batch_i 71 loss 2.774427652359009
batch_i 72 loss 2.712494373321533
batch_i 73 loss 2.656991481781006
batch_i 74 loss 2.6576154232025146
batch_i 75 loss 2.6045753955841064
batch_i 76 loss 2.6668412685394287
batch_i 77 loss 2.7860817909240723
batch_i 78 loss 2.7069222927093506
batch_i 79 loss 2.655155658721924
batch_i 80 loss 2.6888890266418457
batch_i 81 loss 2.6087098121643066
batch_i 82 loss 2.61716365814209
batch_i 83 loss 2.59360671043396
batch_i 84 loss 2.6767945289611816
batch_i 85 loss 2.692631244659424
batch_i 86 loss 2.674288272857666
batch_i 87 loss 2.7426629066467285
batch_i 88 loss 2.8482627868652344
batch_i 89 loss 2.8454396724700928
batch_i 90 loss 2.8188636302948
batch_i 91 loss 2.706554651260376
batch_i 92 loss 2.9890246391296387
batch_i 93 loss 2.697395086288452
batch_i 94 loss 2.7745521068573
batch_i 95 loss 2.7652599811553955
batch_i 96 loss 2.77470064163208
batch_i 97 loss 2.7130913734436035
batch_i 98 loss 2.738272190093994
batch_i 99 loss 2.7748148441314697
batch_i 100 loss 2.725945234298706
batch_i 100 num_playouts 2000 win 7 lose 3 tie 0
batch_i 101 loss 2.720065116882324
batch_i 102 loss 2.6491384506225586
batch_i 103 loss 2.7607030868530273
batch_i 104 loss 2.6080691814422607
batch_i 105 loss 2.7348451614379883
batch_i 106 loss 2.7522594928741455
batch_i 107 loss 2.821509838104248
batch_i 108 loss 2.7582895755767822
batch_i 109 loss 2.7848007678985596
batch_i 110 loss 2.925260066986084
batch_i 111 loss 2.7643892765045166
batch_i 112 loss 2.741349220275879
batch_i 113 loss 2.8148045539855957
batch_i 114 loss 2.8395347595214844
batch_i 115 loss 2.8173999786376953
batch_i 116 loss 2.858200788497925
batch_i 117 loss 2.826078414916992
batch_i 118 loss 2.8114206790924072
batch_i 119 loss 2.939981460571289
batch_i 120 loss 2.821610450744629
batch_i 121 loss 2.805097818374634
batch_i 122 loss 2.8426830768585205
batch_i 123 loss 2.9057059288024902
batch_i 124 loss 2.8352131843566895
batch_i 125 loss 2.8755502700805664
batch_i 126 loss 2.76405668258667
batch_i 127 loss 2.7838029861450195
batch_i 128 loss 2.872048854827881
batch_i 129 loss 2.7849807739257812
batch_i 130 loss 2.6743040084838867
batch_i 131 loss 2.8892879486083984
batch_i 132 loss 2.802037239074707
batch_i 133 loss 2.7596640586853027
batch_i 134 loss 2.7996888160705566
batch_i 135 loss 2.781454086303711
batch_i 136 loss 2.738204002380371
batch_i 137 loss 2.7566871643066406
batch_i 138 loss 2.798180103302002
batch_i 139 loss 2.763650417327881
batch_i 140 loss 2.7172746658325195
batch_i 141 loss 2.7249464988708496
batch_i 142 loss 2.740108013153076
batch_i 143 loss 2.8414485454559326
batch_i 144 loss 2.760103225708008
batch_i 145 loss 2.8298256397247314
batch_i 146 loss 2.766253709793091
batch_i 147 loss 2.7890522480010986
batch_i 148 loss 2.843705415725708
batch_i 149 loss 2.716315746307373
batch_i 150 loss 2.698291063308716
batch_i 150 num_playouts 2000 win 10 lose 0 tie 0
batch_i 151 loss 2.776071310043335
batch_i 152 loss 2.7763283252716064
batch_i 153 loss 2.7441911697387695
batch_i 154 loss 2.7490665912628174
batch_i 155 loss 2.7504425048828125
batch_i 156 loss 2.7616753578186035
batch_i 157 loss 2.8977770805358887
batch_i 158 loss 2.842730760574341
batch_i 159 loss 2.773566722869873
batch_i 160 loss 2.805638551712036
batch_i 161 loss 2.8635900020599365
batch_i 162 loss 2.7019777297973633
batch_i 163 loss 2.7744131088256836
batch_i 164 loss 2.793304443359375
batch_i 165 loss 2.73583984375
batch_i 166 loss 2.7635984420776367
batch_i 167 loss 2.8017070293426514
batch_i 168 loss 2.9082441329956055
batch_i 169 loss 2.8626890182495117
batch_i 170 loss 2.856454610824585
batch_i 171 loss 2.923581838607788
batch_i 172 loss 2.905273914337158
batch_i 173 loss 2.8692917823791504
batch_i 174 loss 2.8227288722991943
batch_i 175 loss 2.8570828437805176
batch_i 176 loss 2.822387933731079
batch_i 177 loss 2.8064382076263428
batch_i 178 loss 2.7728352546691895
batch_i 179 loss 2.827385425567627
batch_i 180 loss 2.826105833053589
batch_i 181 loss 3.078038215637207
batch_i 182 loss 2.9137139320373535
batch_i 183 loss 2.8269782066345215
batch_i 184 loss 2.801651954650879
batch_i 185 loss 2.9024879932403564
batch_i 186 loss 2.7334728240966797
batch_i 187 loss 2.763251304626465
batch_i 188 loss 2.798511266708374
batch_i 189 loss 2.873670816421509
batch_i 190 loss 2.7933452129364014
batch_i 191 loss 2.8512048721313477
batch_i 192 loss 2.9300737380981445
batch_i 193 loss 2.7689714431762695
batch_i 194 loss 2.780290365219116
batch_i 195 loss 2.834291934967041
batch_i 196 loss 2.766491413116455
batch_i 197 loss 2.8015384674072266
batch_i 198 loss 2.788315534591675
batch_i 199 loss 2.7439138889312744
batch_i 200 loss 2.7200968265533447
batch_i 200 num_playouts 3000 win 7 lose 3 tie 0
batch_i 201 loss 2.6905202865600586
batch_i 202 loss 2.7525298595428467
batch_i 203 loss 2.792922258377075
batch_i 204 loss 2.7553889751434326
batch_i 205 loss 2.791628122329712
batch_i 206 loss 2.6946475505828857
batch_i 207 loss 2.803744077682495
batch_i 208 loss 2.6808319091796875
batch_i 209 loss 2.7283763885498047
batch_i 210 loss 2.7843546867370605
batch_i 211 loss 2.7474570274353027
batch_i 212 loss 2.6939902305603027
batch_i 213 loss 2.736628293991089
batch_i 214 loss 2.6778628826141357
batch_i 215 loss 2.74743390083313
batch_i 216 loss 2.6874256134033203
batch_i 217 loss 2.6811413764953613
batch_i 218 loss 2.716182231903076
batch_i 219 loss 2.692152261734009
batch_i 220 loss 2.776728630065918
batch_i 221 loss 2.7857890129089355
batch_i 222 loss 2.8018693923950195
batch_i 223 loss 2.7975971698760986
batch_i 224 loss 2.7939248085021973
batch_i 225 loss 2.7350151538848877
batch_i 226 loss 2.7809770107269287
batch_i 227 loss 2.8016738891601562
batch_i 228 loss 2.6971397399902344
batch_i 229 loss 2.762584686279297
batch_i 230 loss 2.790149450302124
batch_i 231 loss 2.724879741668701
batch_i 232 loss 2.8158669471740723
batch_i 233 loss 2.8060107231140137
batch_i 234 loss 2.794785976409912
batch_i 235 loss 2.8419408798217773
batch_i 236 loss 2.736842155456543
batch_i 237 loss 2.833285093307495
batch_i 238 loss 2.82672119140625
batch_i 239 loss 2.859097719192505
batch_i 240 loss 2.853397846221924
batch_i 241 loss 2.853027582168579
batch_i 242 loss 2.891707181930542
batch_i 243 loss 2.8127806186676025
batch_i 244 loss 2.809278964996338
batch_i 245 loss 2.871692419052124
batch_i 246 loss 2.8523597717285156
batch_i 247 loss 2.720850944519043
batch_i 248 loss 2.7250096797943115
batch_i 249 loss 2.7727673053741455
batch_i 250 loss 2.6887259483337402
batch_i 250 num_playouts 3000 win 8 lose 2 tie 0
batch_i 251 loss 2.70072603225708
batch_i 252 loss 2.6594748497009277
batch_i 253 loss 2.7325432300567627
batch_i 254 loss 2.736780881881714
batch_i 255 loss 2.654749870300293
batch_i 256 loss 2.6367156505584717
batch_i 257 loss 2.69085693359375
batch_i 258 loss 2.714151382446289
batch_i 259 loss 2.686845302581787
batch_i 260 loss 2.759613037109375
batch_i 261 loss 2.7462990283966064
batch_i 262 loss 2.7761735916137695
batch_i 263 loss 2.799826145172119
batch_i 264 loss 2.7701497077941895
batch_i 265 loss 2.6654255390167236
batch_i 266 loss 2.6933071613311768
batch_i 267 loss 2.7748427391052246
batch_i 268 loss 2.7559916973114014
batch_i 269 loss 2.7736895084381104
batch_i 270 loss 2.865039110183716
batch_i 271 loss 2.833570957183838
batch_i 272 loss 2.765716314315796
batch_i 273 loss 2.8143417835235596
batch_i 274 loss 2.800137519836426
batch_i 275 loss 2.8633246421813965
batch_i 276 loss 2.9158225059509277
batch_i 277 loss 2.8536770343780518
batch_i 278 loss 2.8135173320770264
batch_i 279 loss 2.9080166816711426
batch_i 280 loss 2.8803675174713135
batch_i 281 loss 2.7268590927124023
batch_i 282 loss 2.7729272842407227
batch_i 283 loss 2.8782248497009277
batch_i 284 loss 2.8538424968719482
batch_i 285 loss 2.8264267444610596
batch_i 286 loss 2.8702821731567383
batch_i 287 loss 2.860079765319824
batch_i 288 loss 2.791419267654419
batch_i 289 loss 2.85249400138855
batch_i 290 loss 2.7299015522003174
batch_i 291 loss 2.8676252365112305
batch_i 292 loss 2.794083595275879
batch_i 293 loss 2.709684133529663
batch_i 294 loss 2.8527402877807617
batch_i 295 loss 2.8202953338623047
batch_i 296 loss 2.7893123626708984
batch_i 297 loss 2.805192708969116
batch_i 298 loss 2.727752923965454
batch_i 299 loss 2.7065393924713135
batch_i 300 loss 2.731830358505249
batch_i 300 num_playouts 3000 win 10 lose 0 tie 0
batch_i 301 loss 2.7894821166992188
batch_i 302 loss 2.756938934326172
batch_i 303 loss 2.7664499282836914
batch_i 304 loss 2.6239068508148193
batch_i 305 loss 2.7608389854431152
batch_i 306 loss 2.6670432090759277
batch_i 307 loss 2.5809030532836914
batch_i 308 loss 2.635997772216797
batch_i 309 loss 2.749467372894287
batch_i 310 loss 2.6878464221954346
batch_i 311 loss 2.7048418521881104
batch_i 312 loss 2.7801709175109863
batch_i 313 loss 2.7091808319091797
batch_i 314 loss 2.734598398208618
batch_i 315 loss 2.7875051498413086
batch_i 316 loss 2.7988147735595703
batch_i 317 loss 2.669870376586914
batch_i 318 loss 2.720816135406494
batch_i 319 loss 2.719223976135254
batch_i 320 loss 2.7609362602233887
batch_i 321 loss 2.8038766384124756
batch_i 322 loss 2.8701653480529785
batch_i 323 loss 2.719212532043457
batch_i 324 loss 2.849734306335449
batch_i 325 loss 2.8219146728515625
batch_i 326 loss 2.6747970581054688
batch_i 327 loss 2.6794323921203613
batch_i 328 loss 2.7432005405426025
batch_i 329 loss 2.8462257385253906
batch_i 330 loss 2.8140852451324463
batch_i 331 loss 2.84306001663208
batch_i 332 loss 2.743889808654785
batch_i 333 loss 2.8276872634887695
batch_i 334 loss 2.7220723628997803
batch_i 335 loss 2.8789713382720947
batch_i 336 loss 2.7736167907714844
batch_i 337 loss 2.76228928565979
batch_i 338 loss 2.7040724754333496
batch_i 339 loss 2.722551107406616
batch_i 340 loss 2.799175977706909
batch_i 341 loss 2.7571473121643066
batch_i 342 loss 2.5914835929870605
batch_i 343 loss 2.6964962482452393
batch_i 344 loss 2.637671947479248
batch_i 345 loss 2.6304421424865723
batch_i 346 loss 2.7843518257141113
batch_i 347 loss 2.662153482437134
batch_i 348 loss 2.6505088806152344
batch_i 349 loss 2.668484687805176
batch_i 350 loss 2.5745298862457275
batch_i 350 num_playouts 4000 win 5 lose 5 tie 0
batch_i 351 loss 2.6605865955352783
batch_i 352 loss 2.6933727264404297
batch_i 353 loss 2.5881128311157227
batch_i 354 loss 2.6231415271759033
batch_i 355 loss 2.6589419841766357
batch_i 356 loss 2.7304534912109375
batch_i 357 loss 2.628495693206787
batch_i 358 loss 2.460049629211426
batch_i 359 loss 2.5534753799438477
batch_i 360 loss 2.5393528938293457
batch_i 361 loss 2.6384661197662354
batch_i 362 loss 2.611835479736328
batch_i 363 loss 2.5788660049438477
batch_i 364 loss 2.5802345275878906
batch_i 365 loss 2.585566997528076
batch_i 366 loss 2.587803363800049
batch_i 367 loss 2.6369104385375977
batch_i 368 loss 2.665116786956787
batch_i 369 loss 2.6187753677368164
batch_i 370 loss 2.6098289489746094
batch_i 371 loss 2.671858787536621
batch_i 372 loss 2.5080671310424805
batch_i 373 loss 2.6079726219177246
batch_i 374 loss 2.571683406829834
batch_i 375 loss 2.5383353233337402
batch_i 376 loss 2.6149260997772217
batch_i 377 loss 2.6101865768432617
batch_i 378 loss 2.6273412704467773
batch_i 379 loss 2.495626449584961
batch_i 380 loss 2.545631170272827
batch_i 381 loss 2.605515480041504
batch_i 382 loss 2.569577217102051
batch_i 383 loss 2.590895891189575
batch_i 384 loss 2.666292190551758
batch_i 385 loss 2.588447332382202
batch_i 386 loss 2.5627007484436035
batch_i 387 loss 2.5546464920043945
batch_i 388 loss 2.5674076080322266
batch_i 389 loss 2.5607852935791016
batch_i 390 loss 2.4929256439208984
batch_i 391 loss 2.4973950386047363
batch_i 392 loss 2.4848899841308594
batch_i 393 loss 2.5813426971435547
batch_i 394 loss 2.5433883666992188
batch_i 395 loss 2.5187151432037354
batch_i 396 loss 2.51031231880188
batch_i 397 loss 2.5781102180480957
batch_i 398 loss 2.531468391418457
batch_i 399 loss 2.546675443649292
batch_i 400 loss 2.501046657562256
batch_i 400 num_playouts 4000 win 7 lose 3 tie 0
batch_i 401 loss 2.555767774581909
batch_i 402 loss 2.5642483234405518
batch_i 403 loss 2.536121129989624
batch_i 404 loss 2.548431158065796
batch_i 405 loss 2.4386842250823975
batch_i 406 loss 2.330166816711426
batch_i 407 loss 2.472914218902588
batch_i 408 loss 2.443345546722412
batch_i 409 loss 2.4930152893066406
batch_i 410 loss 2.653494358062744
batch_i 411 loss 2.451885223388672
batch_i 412 loss 2.4861528873443604
batch_i 413 loss 2.5437026023864746
batch_i 414 loss 2.52034854888916
batch_i 415 loss 2.541536569595337
batch_i 416 loss 2.4250478744506836
batch_i 417 loss 2.4871277809143066
batch_i 418 loss 2.5088701248168945
batch_i 419 loss 2.526505470275879
batch_i 420 loss 2.548732280731201
batch_i 421 loss 2.5999600887298584
batch_i 422 loss 2.5766983032226562
batch_i 423 loss 2.5417776107788086
batch_i 424 loss 2.4851038455963135
batch_i 425 loss 2.42952299118042
batch_i 426 loss 2.4174888134002686
batch_i 427 loss 2.5448548793792725
batch_i 428 loss 2.5008773803710938
batch_i 429 loss 2.517852783203125
batch_i 430 loss 2.4541287422180176
batch_i 431 loss 2.4951438903808594
batch_i 432 loss 2.467682123184204
batch_i 433 loss 2.4818010330200195
batch_i 434 loss 2.5790867805480957
batch_i 435 loss 2.5092244148254395
batch_i 436 loss 2.4288933277130127
batch_i 437 loss 2.5254974365234375
batch_i 438 loss 2.633566379547119
batch_i 439 loss 2.477722644805908
batch_i 440 loss 2.4432671070098877
batch_i 441 loss 2.5635814666748047
batch_i 442 loss 2.4534378051757812
batch_i 443 loss 2.477966070175171
batch_i 444 loss 2.5282530784606934
batch_i 445 loss 2.4855875968933105
batch_i 446 loss 2.5766518115997314
batch_i 447 loss 2.5295116901397705
batch_i 448 loss 2.4764926433563232
batch_i 449 loss 2.508871078491211
batch_i 450 loss 2.407496452331543
batch_i 450 num_playouts 4000 win 6 lose 4 tie 0
batch_i 451 loss 2.5075836181640625
batch_i 452 loss 2.4970805644989014
batch_i 453 loss 2.501643180847168
batch_i 454 loss 2.486999988555908
batch_i 455 loss 2.4349234104156494
batch_i 456 loss 2.5027050971984863
batch_i 457 loss 2.407308578491211
batch_i 458 loss 2.4750335216522217
batch_i 459 loss 2.5882227420806885
batch_i 460 loss 2.450141429901123
batch_i 461 loss 2.497098922729492
batch_i 462 loss 2.516266345977783
batch_i 463 loss 2.5542006492614746
batch_i 464 loss 2.467072010040283
batch_i 465 loss 2.5790164470672607
batch_i 466 loss 2.6106762886047363
batch_i 467 loss 2.549604892730713
batch_i 468 loss 2.549591064453125
batch_i 469 loss 2.4792351722717285
batch_i 470 loss 2.6040377616882324
batch_i 471 loss 2.5354158878326416
batch_i 472 loss 2.6906795501708984
batch_i 473 loss 2.7032055854797363
batch_i 474 loss 2.661508321762085
batch_i 475 loss 2.6119956970214844
batch_i 476 loss 2.625058650970459
batch_i 477 loss 2.715244770050049
batch_i 478 loss 2.6601946353912354
batch_i 479 loss 2.6579554080963135
batch_i 480 loss 2.5961856842041016
batch_i 481 loss 2.561676502227783
batch_i 482 loss 2.6300008296966553
batch_i 483 loss 2.657749652862549
batch_i 484 loss 2.6116533279418945
batch_i 485 loss 2.6593308448791504
batch_i 486 loss 2.599738359451294
batch_i 487 loss 2.510532855987549
batch_i 488 loss 2.4950547218322754
batch_i 489 loss 2.594860076904297
batch_i 490 loss 2.585115432739258
batch_i 491 loss 2.6049559116363525
batch_i 492 loss 2.567901372909546
batch_i 493 loss 2.5268521308898926
batch_i 494 loss 2.568746566772461
batch_i 495 loss 2.5668320655822754
batch_i 496 loss 2.6373629570007324
batch_i 497 loss 2.62733793258667
batch_i 498 loss 2.5879266262054443
batch_i 499 loss 2.659207344055176
batch_i 500 loss 2.4691710472106934
batch_i 500 num_playouts 4000 win 5 lose 5 tie 0
batch_i 501 loss 2.5560801029205322
batch_i 502 loss 2.549724578857422
batch_i 503 loss 2.621018886566162
batch_i 504 loss 2.616264581680298
batch_i 505 loss 2.6114349365234375
batch_i 506 loss 2.540037155151367
batch_i 507 loss 2.6498830318450928
batch_i 508 loss 2.5136947631835938
batch_i 509 loss 2.648785352706909
batch_i 510 loss 2.6169004440307617
batch_i 511 loss 2.5798115730285645
batch_i 512 loss 2.550173282623291
batch_i 513 loss 2.6520094871520996
batch_i 514 loss 2.5166738033294678
batch_i 515 loss 2.5399417877197266
batch_i 516 loss 2.583329677581787
batch_i 517 loss 2.493908166885376
batch_i 518 loss 2.629021644592285
batch_i 519 loss 2.5887742042541504
batch_i 520 loss 2.524735927581787
batch_i 521 loss 2.5531740188598633
batch_i 522 loss 2.505202531814575
batch_i 523 loss 2.5662269592285156
batch_i 524 loss 2.5287013053894043
batch_i 525 loss 2.589416027069092
batch_i 526 loss 2.4906225204467773
batch_i 527 loss 2.528334617614746
batch_i 528 loss 2.5550875663757324
batch_i 529 loss 2.603760242462158
batch_i 530 loss 2.516683340072632
batch_i 531 loss 2.5006332397460938
batch_i 532 loss 2.4938950538635254
batch_i 533 loss 2.5702872276306152
batch_i 534 loss 2.6251378059387207
batch_i 535 loss 2.579470634460449
batch_i 536 loss 2.5666561126708984
batch_i 537 loss 2.631112813949585
batch_i 538 loss 2.62837553024292
batch_i 539 loss 2.533698558807373
batch_i 540 loss 2.51882266998291
batch_i 541 loss 2.5452752113342285
batch_i 542 loss 2.5684316158294678
batch_i 543 loss 2.5936663150787354
batch_i 544 loss 2.615874767303467
batch_i 545 loss 2.5584042072296143
batch_i 546 loss 2.630577564239502
batch_i 547 loss 2.4954025745391846
batch_i 548 loss 2.5060970783233643
batch_i 549 loss 2.4523439407348633
batch_i 550 loss 2.5527708530426025
batch_i 550 num_playouts 4000 win 7 lose 3 tie 0
batch_i 551 loss 2.6809051036834717
batch_i 552 loss 2.5690314769744873
batch_i 553 loss 2.5004091262817383
batch_i 554 loss 2.6062049865722656
batch_i 555 loss 2.559234619140625
batch_i 556 loss 2.496626377105713
batch_i 557 loss 2.5940451622009277
batch_i 558 loss 2.5843112468719482
batch_i 559 loss 2.661330461502075
batch_i 560 loss 2.53043794631958
batch_i 561 loss 2.562438726425171
batch_i 562 loss 2.703242540359497
batch_i 563 loss 2.5769240856170654
batch_i 564 loss 2.5096776485443115
batch_i 565 loss 2.5059773921966553
batch_i 566 loss 2.5256457328796387
batch_i 567 loss 2.6009695529937744
batch_i 568 loss 2.5722129344940186
batch_i 569 loss 2.6144354343414307
batch_i 570 loss 2.5453531742095947
batch_i 571 loss 2.5276150703430176
batch_i 572 loss 2.546525716781616
batch_i 573 loss 2.4750897884368896
batch_i 574 loss 2.5975801944732666
batch_i 575 loss 2.6425952911376953
batch_i 576 loss 2.6669533252716064
batch_i 577 loss 2.6163346767425537
batch_i 578 loss 2.672123432159424
batch_i 579 loss 2.640024185180664
batch_i 580 loss 2.6427829265594482
batch_i 581 loss 2.6842782497406006
batch_i 582 loss 2.7318835258483887
batch_i 583 loss 2.658662796020508
batch_i 584 loss 2.753802537918091
batch_i 585 loss 2.534303903579712
batch_i 586 loss 2.7155661582946777
batch_i 587 loss 2.564467191696167
batch_i 588 loss 2.6968460083007812
batch_i 589 loss 2.640615940093994
batch_i 590 loss 2.715454578399658
batch_i 591 loss 2.560788154602051
batch_i 592 loss 2.675865411758423
batch_i 593 loss 2.572131633758545
batch_i 594 loss 2.6691970825195312
batch_i 595 loss 2.649667263031006
batch_i 596 loss 2.665029287338257
batch_i 597 loss 2.554802179336548
batch_i 598 loss 2.510934591293335
batch_i 599 loss 2.573545455932617
batch_i 600 loss 2.5445399284362793
batch_i 600 num_playouts 4000 win 6 lose 4 tie 0
batch_i 601 loss 2.553077220916748
batch_i 602 loss 2.5453972816467285
batch_i 603 loss 2.4615607261657715
batch_i 604 loss 2.517770528793335
batch_i 605 loss 2.55686616897583
batch_i 606 loss 2.579693078994751
batch_i 607 loss 2.5494298934936523
batch_i 608 loss 2.489129066467285
batch_i 609 loss 2.515627384185791
batch_i 610 loss 2.4564762115478516
batch_i 611 loss 2.4217939376831055
batch_i 612 loss 2.511911630630493
batch_i 613 loss 2.5396134853363037
batch_i 614 loss 2.4412002563476562
batch_i 615 loss 2.5457825660705566
batch_i 616 loss 2.4311513900756836
batch_i 617 loss 2.471787929534912
batch_i 618 loss 2.4719314575195312
batch_i 619 loss 2.4931836128234863
batch_i 620 loss 2.431426525115967
batch_i 621 loss 2.549633264541626
batch_i 622 loss 2.486988067626953
batch_i 623 loss 2.333683490753174
batch_i 624 loss 2.4458866119384766
batch_i 625 loss 2.439028263092041
batch_i 626 loss 2.379613161087036
batch_i 627 loss 2.3543195724487305
batch_i 628 loss 2.4511895179748535
batch_i 629 loss 2.4869391918182373
batch_i 630 loss 2.4086756706237793
batch_i 631 loss 2.5318589210510254
batch_i 632 loss 2.460866928100586
batch_i 633 loss 2.4111437797546387
batch_i 634 loss 2.4511382579803467
batch_i 635 loss 2.48673152923584
batch_i 636 loss 2.4517998695373535
batch_i 637 loss 2.5024452209472656
batch_i 638 loss 2.4712448120117188
batch_i 639 loss 2.5701918601989746
batch_i 640 loss 2.598331928253174
batch_i 641 loss 2.5746264457702637
batch_i 642 loss 2.6006386280059814
batch_i 643 loss 2.6212074756622314
batch_i 644 loss 2.4973561763763428
batch_i 645 loss 2.558082103729248
batch_i 646 loss 2.5626039505004883
batch_i 647 loss 2.4476253986358643
batch_i 648 loss 2.5524744987487793
batch_i 649 loss 2.519134998321533
batch_i 650 loss 2.516875743865967
batch_i 650 num_playouts 4000 win 9 lose 1 tie 0
batch_i 651 loss 2.5079944133758545
batch_i 652 loss 2.550039291381836
batch_i 653 loss 2.5335466861724854
batch_i 654 loss 2.4166173934936523
batch_i 655 loss 2.5435643196105957
batch_i 656 loss 2.388612747192383
batch_i 657 loss 2.5380444526672363
batch_i 658 loss 2.5930685997009277
batch_i 659 loss 2.501662015914917
batch_i 660 loss 2.5298707485198975
batch_i 661 loss 2.4966468811035156
batch_i 662 loss 2.517399787902832
batch_i 663 loss 2.383131980895996
batch_i 664 loss 2.5222971439361572
batch_i 665 loss 2.4532415866851807
batch_i 666 loss 2.5027811527252197
batch_i 667 loss 2.5033726692199707
batch_i 668 loss 2.4797329902648926
batch_i 669 loss 2.4640755653381348
batch_i 670 loss 2.41375470161438
batch_i 671 loss 2.5076754093170166
batch_i 672 loss 2.511847496032715
batch_i 673 loss 2.5400748252868652
batch_i 674 loss 2.5596320629119873
batch_i 675 loss 2.5322670936584473
batch_i 676 loss 2.562788248062134
batch_i 677 loss 2.5040597915649414
batch_i 678 loss 2.445402145385742
batch_i 679 loss 2.6461830139160156
batch_i 680 loss 2.4462666511535645
batch_i 681 loss 2.5948326587677
batch_i 682 loss 2.5925164222717285
batch_i 683 loss 2.5550789833068848
batch_i 684 loss 2.5392987728118896
batch_i 685 loss 2.517545461654663
batch_i 686 loss 2.5304689407348633
batch_i 687 loss 2.562009572982788
batch_i 688 loss 2.4976792335510254
batch_i 689 loss 2.625286340713501
batch_i 690 loss 2.516862154006958
batch_i 691 loss 2.5186054706573486
batch_i 692 loss 2.550245761871338
batch_i 693 loss 2.533787250518799
batch_i 694 loss 2.4875175952911377
batch_i 695 loss 2.6055428981781006
batch_i 696 loss 2.608555316925049
batch_i 697 loss 2.517613172531128
batch_i 698 loss 2.5690698623657227
batch_i 699 loss 2.5221588611602783
batch_i 700 loss 2.552258253097534
batch_i 700 num_playouts 4000 win 8 lose 2 tie 0
