batch_i 4 loss 2.527670383453369
batch_i 5 loss 3.6830174922943115
batch_i 6 loss 2.7860708236694336
batch_i 7 loss 2.5340404510498047
batch_i 8 loss 2.23288631439209
batch_i 9 loss 2.2145586013793945
batch_i 10 loss 2.2886273860931396
batch_i 11 loss 2.441457748413086
batch_i 12 loss 2.674238443374634
batch_i 13 loss 2.7079930305480957
batch_i 14 loss 2.723906993865967
batch_i 15 loss 2.666454792022705
batch_i 16 loss 2.6512632369995117
batch_i 17 loss 2.565596342086792
batch_i 18 loss 2.5958971977233887
batch_i 19 loss 2.574629306793213
batch_i 20 loss 2.642303466796875
batch_i 21 loss 2.6196820735931396
batch_i 22 loss 2.5176284313201904
batch_i 23 loss 2.4898691177368164
batch_i 24 loss 2.495487928390503
batch_i 25 loss 2.4633359909057617
batch_i 26 loss 2.390383243560791
batch_i 27 loss 2.4611496925354004
batch_i 28 loss 2.50626802444458
batch_i 29 loss 2.4531097412109375
batch_i 30 loss 2.37326979637146
batch_i 31 loss 2.3606741428375244
batch_i 32 loss 2.368490695953369
batch_i 33 loss 2.3538804054260254
batch_i 34 loss 2.37153959274292
batch_i 35 loss 2.443960666656494
batch_i 36 loss 2.3085548877716064
batch_i 37 loss 2.3080265522003174
batch_i 38 loss 2.3252291679382324
batch_i 39 loss 2.4350972175598145
batch_i 40 loss 2.361240863800049
batch_i 41 loss 2.3867712020874023
batch_i 42 loss 2.3990068435668945
batch_i 43 loss 2.273606300354004
batch_i 44 loss 2.3396966457366943
batch_i 45 loss 2.3752169609069824
batch_i 46 loss 2.3057026863098145
batch_i 47 loss 2.361894130706787
batch_i 48 loss 2.4199581146240234
batch_i 49 loss 2.4171252250671387
batch_i 50 loss 2.4232845306396484
batch_i 50 num_playouts 1000 win 10 lose 0 tie 0
batch_i 51 loss 2.480849504470825
batch_i 52 loss 2.4877912998199463
batch_i 53 loss 2.4771344661712646
batch_i 54 loss 2.4346790313720703
batch_i 55 loss 2.5669407844543457
batch_i 56 loss 2.4117166996002197
batch_i 57 loss 2.3598976135253906
batch_i 58 loss 2.453901767730713
batch_i 59 loss 2.5012028217315674
batch_i 60 loss 2.451171636581421
batch_i 61 loss 2.4237921237945557
batch_i 62 loss 2.443913221359253
batch_i 63 loss 2.380631446838379
batch_i 64 loss 2.4818503856658936
batch_i 65 loss 2.464980125427246
batch_i 66 loss 2.533142566680908
batch_i 67 loss 2.499511241912842
batch_i 68 loss 2.419086456298828
batch_i 69 loss 2.5385234355926514
batch_i 70 loss 2.4369616508483887
batch_i 71 loss 2.450432538986206
batch_i 72 loss 2.4956865310668945
batch_i 73 loss 2.5345072746276855
batch_i 74 loss 2.4142260551452637
batch_i 75 loss 2.554269790649414
batch_i 76 loss 2.4568228721618652
batch_i 77 loss 2.5055718421936035
batch_i 78 loss 2.5531177520751953
batch_i 79 loss 2.4090042114257812
batch_i 80 loss 2.422827959060669
batch_i 81 loss 2.3449931144714355
batch_i 82 loss 2.434311628341675
batch_i 83 loss 2.449127197265625
batch_i 84 loss 2.477766275405884
batch_i 85 loss 2.496084213256836
batch_i 86 loss 2.4606781005859375
batch_i 87 loss 2.420964241027832
batch_i 88 loss 2.4317269325256348
batch_i 89 loss 2.471529483795166
batch_i 90 loss 2.461794853210449
batch_i 91 loss 2.574270725250244
batch_i 92 loss 2.510408878326416
batch_i 93 loss 2.537567138671875
batch_i 94 loss 2.633744478225708
batch_i 95 loss 2.5953028202056885
batch_i 96 loss 2.541670799255371
batch_i 97 loss 2.4934897422790527
batch_i 98 loss 2.568054437637329
batch_i 99 loss 2.5613489151000977
batch_i 100 loss 2.5955214500427246
batch_i 100 num_playouts 2000 win 10 lose 0 tie 0
batch_i 101 loss 2.5840604305267334
batch_i 102 loss 2.581101417541504
batch_i 103 loss 2.63027024269104
batch_i 104 loss 2.620607376098633
batch_i 105 loss 2.569669485092163
batch_i 106 loss 2.5952959060668945
batch_i 107 loss 2.5494046211242676
batch_i 108 loss 2.6666266918182373
batch_i 109 loss 2.6115286350250244
batch_i 110 loss 2.641493797302246
batch_i 111 loss 2.665961980819702
batch_i 112 loss 2.6606125831604004
batch_i 113 loss 2.598996639251709
batch_i 114 loss 2.6851067543029785
batch_i 115 loss 2.647003173828125
batch_i 116 loss 2.59826922416687
batch_i 117 loss 2.6587040424346924
batch_i 118 loss 2.592737913131714
batch_i 119 loss 2.6031596660614014
batch_i 120 loss 2.59796142578125
batch_i 121 loss 2.5966336727142334
batch_i 122 loss 2.664824962615967
batch_i 123 loss 2.6617431640625
batch_i 124 loss 2.6722640991210938
batch_i 125 loss 2.6696231365203857
batch_i 126 loss 2.636192798614502
batch_i 127 loss 2.625684976577759
batch_i 128 loss 2.6974849700927734
batch_i 129 loss 2.6664884090423584
batch_i 130 loss 2.6888539791107178
batch_i 131 loss 2.6445932388305664
batch_i 132 loss 2.666167736053467
batch_i 133 loss 2.7100796699523926
batch_i 134 loss 2.6275458335876465
batch_i 135 loss 2.659132957458496
batch_i 136 loss 2.656900405883789
batch_i 137 loss 2.6152405738830566
batch_i 138 loss 2.7294886112213135
batch_i 139 loss 2.693207263946533
batch_i 140 loss 2.665964126586914
batch_i 141 loss 2.5898971557617188
batch_i 142 loss 2.484394073486328
batch_i 143 loss 2.646362781524658
batch_i 144 loss 2.676687717437744
batch_i 145 loss 2.632542610168457
batch_i 146 loss 2.7769880294799805
batch_i 147 loss 2.7452876567840576
batch_i 148 loss 2.5778541564941406
batch_i 149 loss 2.6736583709716797
batch_i 150 loss 2.6487016677856445
batch_i 150 num_playouts 3000 win 10 lose 0 tie 0
batch_i 151 loss 2.6176552772521973
batch_i 152 loss 2.716275215148926
batch_i 153 loss 2.6229493618011475
batch_i 154 loss 2.6796576976776123
batch_i 155 loss 2.7950358390808105
batch_i 156 loss 2.6151480674743652
batch_i 157 loss 2.670719623565674
batch_i 158 loss 2.6430060863494873
batch_i 159 loss 2.6970908641815186
batch_i 160 loss 2.566955089569092
batch_i 161 loss 2.6003434658050537
batch_i 162 loss 2.816640853881836
batch_i 163 loss 2.7936532497406006
batch_i 164 loss 2.675489902496338
batch_i 165 loss 2.7420458793640137
batch_i 166 loss 2.75003719329834
batch_i 167 loss 2.6111278533935547
batch_i 168 loss 2.749220848083496
batch_i 169 loss 2.7415072917938232
batch_i 170 loss 2.6529998779296875
batch_i 171 loss 2.7937374114990234
batch_i 172 loss 2.7571401596069336
batch_i 173 loss 2.7479779720306396
batch_i 174 loss 2.7504947185516357
batch_i 175 loss 2.545999050140381
batch_i 176 loss 2.724618673324585
batch_i 177 loss 2.714717388153076
batch_i 178 loss 2.741462469100952
batch_i 179 loss 2.719433307647705
batch_i 180 loss 2.6475517749786377
batch_i 181 loss 2.7364578247070312
batch_i 182 loss 2.6849539279937744
batch_i 183 loss 2.6421103477478027
batch_i 184 loss 2.6845622062683105
batch_i 185 loss 2.7110037803649902
batch_i 186 loss 2.6757166385650635
batch_i 187 loss 2.5818095207214355
batch_i 188 loss 2.6208744049072266
batch_i 189 loss 2.6428451538085938
batch_i 190 loss 2.6160337924957275
batch_i 191 loss 2.620588779449463
batch_i 192 loss 2.5905404090881348
batch_i 193 loss 2.6445822715759277
batch_i 194 loss 2.6560401916503906
batch_i 195 loss 2.5748772621154785
batch_i 196 loss 2.619077444076538
batch_i 197 loss 2.673405647277832
batch_i 198 loss 2.5238876342773438
batch_i 199 loss 2.617647171020508
batch_i 200 loss 2.5211052894592285
batch_i 200 num_playouts 4000 win 8 lose 2 tie 0
batch_i 201 loss 2.6353020668029785
batch_i 202 loss 2.5817501544952393
batch_i 203 loss 2.6434412002563477
batch_i 204 loss 2.639697313308716
batch_i 205 loss 2.5980112552642822
batch_i 206 loss 2.551236867904663
batch_i 207 loss 2.5979349613189697
batch_i 208 loss 2.657991409301758
batch_i 209 loss 2.5453274250030518
batch_i 210 loss 2.529170036315918
batch_i 211 loss 2.5330443382263184
batch_i 212 loss 2.600389242172241
batch_i 213 loss 2.63401198387146
batch_i 214 loss 2.589446783065796
batch_i 215 loss 2.517742395401001
batch_i 216 loss 2.5358128547668457
batch_i 217 loss 2.5238358974456787
batch_i 218 loss 2.5630574226379395
batch_i 219 loss 2.5102720260620117
batch_i 220 loss 2.6273627281188965
batch_i 221 loss 2.60141921043396
batch_i 222 loss 2.5161349773406982
batch_i 223 loss 2.5548529624938965
batch_i 224 loss 2.563429355621338
batch_i 225 loss 2.5896878242492676
batch_i 226 loss 2.659466505050659
batch_i 227 loss 2.5232739448547363
batch_i 228 loss 2.6159276962280273
batch_i 229 loss 2.5398406982421875
batch_i 230 loss 2.46704363822937
batch_i 231 loss 2.4830992221832275
batch_i 232 loss 2.4097468852996826
batch_i 233 loss 2.4683146476745605
batch_i 234 loss 2.503228187561035
batch_i 235 loss 2.369490385055542
batch_i 236 loss 2.3564646244049072
batch_i 237 loss 2.458508014678955
batch_i 238 loss 2.4021365642547607
batch_i 239 loss 2.395869731903076
batch_i 240 loss 2.31705641746521
batch_i 241 loss 2.369887351989746
batch_i 242 loss 2.3057241439819336
batch_i 243 loss 2.4635329246520996
batch_i 244 loss 2.429020404815674
batch_i 245 loss 2.516228199005127
batch_i 246 loss 2.431194543838501
batch_i 247 loss 2.363196611404419
batch_i 248 loss 2.411129951477051
batch_i 249 loss 2.428260326385498
batch_i 250 loss 2.4469518661499023
batch_i 250 num_playouts 4000 win 7 lose 3 tie 0
batch_i 251 loss 2.400712013244629
batch_i 252 loss 2.469745397567749
batch_i 253 loss 2.4483957290649414
batch_i 254 loss 2.445997714996338
batch_i 255 loss 2.461642265319824
batch_i 256 loss 2.426854372024536
batch_i 257 loss 2.364410161972046
batch_i 258 loss 2.382456064224243
batch_i 259 loss 2.3512940406799316
batch_i 260 loss 2.4563913345336914
batch_i 261 loss 2.475792407989502
batch_i 262 loss 2.56282901763916
batch_i 263 loss 2.4645204544067383
batch_i 264 loss 2.4490878582000732
batch_i 265 loss 2.4672467708587646
batch_i 266 loss 2.448185682296753
batch_i 267 loss 2.5233845710754395
batch_i 268 loss 2.5333051681518555
batch_i 269 loss 2.4658472537994385
batch_i 270 loss 2.4923806190490723
batch_i 271 loss 2.5019876956939697
batch_i 272 loss 2.464542865753174
batch_i 273 loss 2.4788029193878174
batch_i 274 loss 2.473140239715576
batch_i 275 loss 2.4074110984802246
batch_i 276 loss 2.510370969772339
batch_i 277 loss 2.5398612022399902
batch_i 278 loss 2.505051612854004
batch_i 279 loss 2.5458734035491943
batch_i 280 loss 2.526146173477173
batch_i 281 loss 2.481625556945801
batch_i 282 loss 2.554265022277832
batch_i 283 loss 2.5933215618133545
batch_i 284 loss 2.6334314346313477
batch_i 285 loss 2.5663394927978516
batch_i 286 loss 2.4642202854156494
batch_i 287 loss 2.4546761512756348
batch_i 288 loss 2.5054781436920166
batch_i 289 loss 2.4844467639923096
batch_i 290 loss 2.444037437438965
batch_i 291 loss 2.511909008026123
batch_i 292 loss 2.481548547744751
batch_i 293 loss 2.4573822021484375
batch_i 294 loss 2.4775214195251465
batch_i 295 loss 2.418991804122925
batch_i 296 loss 2.4606125354766846
batch_i 297 loss 2.3839900493621826
batch_i 298 loss 2.4681081771850586
batch_i 299 loss 2.487182140350342
batch_i 300 loss 2.434439182281494
batch_i 300 num_playouts 4000 win 9 lose 1 tie 0
batch_i 301 loss 2.3963706493377686
batch_i 302 loss 2.4749417304992676
batch_i 303 loss 2.3996686935424805
batch_i 304 loss 2.5222692489624023
batch_i 305 loss 2.4732892513275146
batch_i 306 loss 2.475062370300293
batch_i 307 loss 2.428179979324341
batch_i 308 loss 2.4359233379364014
batch_i 309 loss 2.467252016067505
batch_i 310 loss 2.537219524383545
batch_i 311 loss 2.5371787548065186
batch_i 312 loss 2.5280561447143555
batch_i 313 loss 2.469615936279297
batch_i 314 loss 2.578015089035034
batch_i 315 loss 2.428901195526123
batch_i 316 loss 2.4733190536499023
batch_i 317 loss 2.485605478286743
batch_i 318 loss 2.4873046875
batch_i 319 loss 2.5391626358032227
batch_i 320 loss 2.4763031005859375
batch_i 321 loss 2.4724111557006836
batch_i 322 loss 2.4915273189544678
batch_i 323 loss 2.496866464614868
batch_i 324 loss 2.4830524921417236
batch_i 325 loss 2.4611198902130127
batch_i 326 loss 2.4105629920959473
batch_i 327 loss 2.3695125579833984
batch_i 328 loss 2.532548427581787
batch_i 329 loss 2.4361977577209473
batch_i 330 loss 2.3749475479125977
batch_i 331 loss 2.429912567138672
batch_i 332 loss 2.4809482097625732
batch_i 333 loss 2.3760342597961426
batch_i 334 loss 2.4310781955718994
batch_i 335 loss 2.3947439193725586
batch_i 336 loss 2.46751070022583
batch_i 337 loss 2.4012978076934814
batch_i 338 loss 2.492323398590088
batch_i 339 loss 2.384881019592285
batch_i 340 loss 2.5659842491149902
batch_i 341 loss 2.5131936073303223
batch_i 342 loss 2.4716506004333496
batch_i 343 loss 2.4672396183013916
batch_i 344 loss 2.4136476516723633
batch_i 345 loss 2.5033531188964844
batch_i 346 loss 2.5208282470703125
batch_i 347 loss 2.4891467094421387
batch_i 348 loss 2.543854236602783
batch_i 349 loss 2.362292766571045
batch_i 350 loss 2.538313388824463
batch_i 350 num_playouts 4000 win 8 lose 2 tie 0
batch_i 351 loss 2.4976868629455566
batch_i 352 loss 2.476038932800293
batch_i 353 loss 2.451624631881714
batch_i 354 loss 2.5551095008850098
batch_i 355 loss 2.4667325019836426
batch_i 356 loss 2.5035972595214844
batch_i 357 loss 2.3834736347198486
batch_i 358 loss 2.474271535873413
batch_i 359 loss 2.4142816066741943
batch_i 360 loss 2.402336597442627
batch_i 361 loss 2.518660068511963
batch_i 362 loss 2.4406142234802246
batch_i 363 loss 2.364811420440674
batch_i 364 loss 2.4883615970611572
batch_i 365 loss 2.4968042373657227
batch_i 366 loss 2.511514902114868
batch_i 367 loss 2.4376916885375977
batch_i 368 loss 2.4466443061828613
batch_i 369 loss 2.400765895843506
batch_i 370 loss 2.425251007080078
batch_i 371 loss 2.477240562438965
batch_i 372 loss 2.351733684539795
batch_i 373 loss 2.3876821994781494
batch_i 374 loss 2.4135851860046387
batch_i 375 loss 2.390775442123413
batch_i 376 loss 2.481196880340576
batch_i 377 loss 2.4174835681915283
batch_i 378 loss 2.455477237701416
batch_i 379 loss 2.4825596809387207
batch_i 380 loss 2.438321828842163
batch_i 381 loss 2.356456756591797
batch_i 382 loss 2.260204315185547
batch_i 383 loss 2.312434673309326
batch_i 384 loss 2.3358187675476074
batch_i 385 loss 2.2650680541992188
batch_i 386 loss 2.3378500938415527
batch_i 387 loss 2.312016010284424
batch_i 388 loss 2.343301773071289
batch_i 389 loss 2.2715799808502197
batch_i 390 loss 2.271962881088257
batch_i 391 loss 2.3424723148345947
batch_i 392 loss 2.328348159790039
batch_i 393 loss 2.325023651123047
batch_i 394 loss 2.3754589557647705
batch_i 395 loss 2.367130994796753
batch_i 396 loss 2.289715051651001
batch_i 397 loss 2.2130682468414307
batch_i 398 loss 2.301656723022461
batch_i 399 loss 2.3117713928222656
batch_i 400 loss 2.3111047744750977
batch_i 400 num_playouts 4000 win 9 lose 1 tie 0
batch_i 401 loss 2.3288235664367676
batch_i 402 loss 2.3007891178131104
batch_i 403 loss 2.2023651599884033
batch_i 404 loss 2.2816214561462402
batch_i 405 loss 2.3282485008239746
batch_i 406 loss 2.262830972671509
batch_i 407 loss 2.157526969909668
batch_i 408 loss 2.233149290084839
batch_i 409 loss 2.140387773513794
batch_i 410 loss 2.1243815422058105
batch_i 411 loss 2.1349565982818604
batch_i 412 loss 2.2394859790802
batch_i 413 loss 2.1879987716674805
batch_i 414 loss 2.1406028270721436
batch_i 415 loss 2.1988070011138916
batch_i 416 loss 2.219522476196289
batch_i 417 loss 2.189237117767334
batch_i 418 loss 2.1342992782592773
batch_i 419 loss 2.182755947113037
batch_i 420 loss 2.165410041809082
batch_i 421 loss 2.1628293991088867
batch_i 422 loss 2.1733882427215576
batch_i 423 loss 2.2027549743652344
batch_i 424 loss 2.1159090995788574
batch_i 425 loss 2.076913833618164
batch_i 426 loss 2.183354377746582
batch_i 427 loss 2.1529343128204346
batch_i 428 loss 2.0494866371154785
batch_i 429 loss 2.0785975456237793
batch_i 430 loss 2.131171941757202
batch_i 431 loss 2.1312291622161865
batch_i 432 loss 2.1733827590942383
batch_i 433 loss 2.1370368003845215
batch_i 434 loss 2.1092782020568848
batch_i 435 loss 2.0604867935180664
batch_i 436 loss 2.106778621673584
batch_i 437 loss 2.096494674682617
batch_i 438 loss 2.1289777755737305
batch_i 439 loss 2.1519131660461426
batch_i 440 loss 2.0534000396728516
batch_i 441 loss 2.1353847980499268
batch_i 442 loss 2.1218671798706055
batch_i 443 loss 2.1950840950012207
batch_i 444 loss 2.224480152130127
batch_i 445 loss 2.0739033222198486
batch_i 446 loss 2.1528594493865967
batch_i 447 loss 2.1111631393432617
batch_i 448 loss 2.176274299621582
batch_i 449 loss 2.0921473503112793
batch_i 450 loss 2.174189567565918
batch_i 450 num_playouts 4000 win 9 lose 1 tie 0
batch_i 451 loss 2.196537494659424
batch_i 452 loss 2.154965400695801
batch_i 453 loss 2.1398229598999023
batch_i 454 loss 2.164865493774414
batch_i 455 loss 2.182760000228882
batch_i 456 loss 2.1390719413757324
batch_i 457 loss 2.222482681274414
batch_i 458 loss 2.111236572265625
batch_i 459 loss 2.0913355350494385
batch_i 460 loss 2.1956048011779785
batch_i 461 loss 2.2109322547912598
batch_i 462 loss 2.3726930618286133
batch_i 463 loss 2.2306554317474365
batch_i 464 loss 2.3245491981506348
batch_i 465 loss 2.232064723968506
batch_i 466 loss 2.220815420150757
batch_i 467 loss 2.347257137298584
batch_i 468 loss 2.2694811820983887
batch_i 469 loss 2.3089635372161865
batch_i 470 loss 2.3202202320098877
batch_i 471 loss 2.2543506622314453
batch_i 472 loss 2.2363011837005615
batch_i 473 loss 2.3476829528808594
batch_i 474 loss 2.2807114124298096
batch_i 475 loss 2.445262908935547
batch_i 476 loss 2.2297420501708984
batch_i 477 loss 2.345273494720459
batch_i 478 loss 2.31512451171875
batch_i 479 loss 2.324514389038086
batch_i 480 loss 2.3261563777923584
batch_i 481 loss 2.314162254333496
batch_i 482 loss 2.4163331985473633
batch_i 483 loss 2.31648588180542
batch_i 484 loss 2.362766742706299
batch_i 485 loss 2.467555046081543
batch_i 486 loss 2.349052667617798
batch_i 487 loss 2.296738624572754
batch_i 488 loss 2.334404230117798
batch_i 489 loss 2.2976701259613037
batch_i 490 loss 2.249027729034424
batch_i 491 loss 2.3176989555358887
batch_i 492 loss 2.197239398956299
batch_i 493 loss 2.3193435668945312
batch_i 494 loss 2.4135422706604004
batch_i 495 loss 2.3692283630371094
batch_i 496 loss 2.395012140274048
batch_i 497 loss 2.4120254516601562
batch_i 498 loss 2.413763999938965
batch_i 499 loss 2.370555877685547
batch_i 500 loss 2.3528342247009277
batch_i 500 num_playouts 4000 win 8 lose 2 tie 0
batch_i 501 loss 2.3931217193603516
batch_i 502 loss 2.3012337684631348
batch_i 503 loss 2.2781941890716553
batch_i 504 loss 2.359447717666626
batch_i 505 loss 2.3573684692382812
batch_i 506 loss 2.518923282623291
batch_i 507 loss 2.3041043281555176
batch_i 508 loss 2.3487696647644043
batch_i 509 loss 2.3501076698303223
batch_i 510 loss 2.261444330215454
batch_i 511 loss 2.244579553604126
batch_i 512 loss 2.2946383953094482
batch_i 513 loss 2.2565038204193115
batch_i 514 loss 2.282061815261841
batch_i 515 loss 2.192770004272461
batch_i 516 loss 2.2686712741851807
batch_i 517 loss 2.1863279342651367
batch_i 518 loss 2.244373321533203
batch_i 519 loss 2.2063703536987305
batch_i 520 loss 2.2835469245910645
batch_i 521 loss 2.2886314392089844
batch_i 522 loss 2.1641314029693604
batch_i 523 loss 2.1633527278900146
batch_i 524 loss 2.2102789878845215
batch_i 525 loss 2.2252559661865234
batch_i 526 loss 2.176218032836914
batch_i 527 loss 2.2512078285217285
batch_i 528 loss 2.278433322906494
batch_i 529 loss 2.166351079940796
batch_i 530 loss 2.1893229484558105
batch_i 531 loss 2.2023069858551025
batch_i 532 loss 2.1119840145111084
batch_i 533 loss 2.1517183780670166
batch_i 534 loss 2.1863365173339844
batch_i 535 loss 2.201185703277588
batch_i 536 loss 2.1951966285705566
batch_i 537 loss 2.2523488998413086
batch_i 538 loss 2.227184534072876
batch_i 539 loss 2.2476248741149902
batch_i 540 loss 2.1828789710998535
batch_i 541 loss 2.0701680183410645
batch_i 542 loss 2.2048120498657227
batch_i 543 loss 2.261476993560791
batch_i 544 loss 2.0767598152160645
batch_i 545 loss 2.1327779293060303
batch_i 546 loss 2.1160976886749268
batch_i 547 loss 2.072389602661133
batch_i 548 loss 2.162762403488159
batch_i 549 loss 2.1215460300445557
batch_i 550 loss 2.068868637084961
batch_i 550 num_playouts 4000 win 8 lose 2 tie 0
batch_i 551 loss 2.1681714057922363
batch_i 552 loss 2.129791259765625
batch_i 553 loss 2.162356376647949
batch_i 554 loss 2.160855770111084
batch_i 555 loss 2.2862441539764404
batch_i 556 loss 2.2329585552215576
batch_i 557 loss 2.2885665893554688
batch_i 558 loss 2.2467753887176514
batch_i 559 loss 2.217888832092285
batch_i 560 loss 2.1474366188049316
batch_i 561 loss 2.204277276992798
batch_i 562 loss 2.2130327224731445
batch_i 563 loss 2.224196672439575
batch_i 564 loss 2.1760191917419434
batch_i 565 loss 2.2750351428985596
batch_i 566 loss 2.1175601482391357
batch_i 567 loss 2.09051513671875
batch_i 568 loss 2.1565566062927246
batch_i 569 loss 2.1146159172058105
batch_i 570 loss 2.1169943809509277
batch_i 571 loss 2.2006804943084717
batch_i 572 loss 2.1743414402008057
batch_i 573 loss 2.220951557159424
batch_i 574 loss 2.179706573486328
batch_i 575 loss 2.1476736068725586
batch_i 576 loss 2.1547908782958984
batch_i 577 loss 2.138880729675293
batch_i 578 loss 2.232811450958252
batch_i 579 loss 2.141150712966919
batch_i 580 loss 2.15993332862854
batch_i 581 loss 2.235480308532715
batch_i 582 loss 2.3023898601531982
batch_i 583 loss 2.2466068267822266
batch_i 584 loss 2.3192052841186523
batch_i 585 loss 2.322267770767212
batch_i 586 loss 2.2884764671325684
batch_i 587 loss 2.3923962116241455
batch_i 588 loss 2.2665798664093018
batch_i 589 loss 2.276993989944458
batch_i 590 loss 2.3181772232055664
batch_i 591 loss 2.3599679470062256
batch_i 592 loss 2.317361831665039
batch_i 593 loss 2.382452964782715
batch_i 594 loss 2.319061756134033
batch_i 595 loss 2.4315812587738037
batch_i 596 loss 2.3992226123809814
batch_i 597 loss 2.4981727600097656
batch_i 598 loss 2.4197123050689697
batch_i 599 loss 2.5319480895996094
batch_i 600 loss 2.4409701824188232
batch_i 600 num_playouts 4000 win 10 lose 0 tie 0
batch_i 601 loss 2.458465814590454
batch_i 602 loss 2.551661252975464
batch_i 603 loss 2.45404314994812
batch_i 604 loss 2.3972361087799072
batch_i 605 loss 2.427227020263672
batch_i 606 loss 2.4560775756835938
batch_i 607 loss 2.40771484375
batch_i 608 loss 2.4613962173461914
batch_i 609 loss 2.4768266677856445
batch_i 610 loss 2.414285182952881
batch_i 611 loss 2.419987678527832
batch_i 612 loss 2.5040416717529297
batch_i 613 loss 2.4120583534240723
batch_i 614 loss 2.5257744789123535
batch_i 615 loss 2.3873860836029053
batch_i 616 loss 2.4214673042297363
batch_i 617 loss 2.4268524646759033
batch_i 618 loss 2.5235538482666016
batch_i 619 loss 2.371898651123047
batch_i 620 loss 2.4833881855010986
batch_i 621 loss 2.425724983215332
batch_i 622 loss 2.5179977416992188
batch_i 623 loss 2.467036008834839
batch_i 624 loss 2.5137124061584473
batch_i 625 loss 2.454354763031006
batch_i 626 loss 2.554943799972534
batch_i 627 loss 2.451417922973633
batch_i 628 loss 2.4853107929229736
batch_i 629 loss 2.4232518672943115
batch_i 630 loss 2.5607128143310547
batch_i 631 loss 2.6350724697113037
batch_i 632 loss 2.530484676361084
batch_i 633 loss 2.56937313079834
batch_i 634 loss 2.521183490753174
batch_i 635 loss 2.534496784210205
batch_i 636 loss 2.6511380672454834
batch_i 637 loss 2.5213799476623535
batch_i 638 loss 2.5169034004211426
batch_i 639 loss 2.63433575630188
batch_i 640 loss 2.5575006008148193
batch_i 641 loss 2.4482598304748535
batch_i 642 loss 2.5291976928710938
batch_i 643 loss 2.5830280780792236
batch_i 644 loss 2.489407777786255
batch_i 645 loss 2.4608378410339355
batch_i 646 loss 2.4524145126342773
batch_i 647 loss 2.6171212196350098
batch_i 648 loss 2.4830410480499268
batch_i 649 loss 2.459372043609619
batch_i 650 loss 2.451531410217285
batch_i 650 num_playouts 5000 win 8 lose 2 tie 0
batch_i 651 loss 2.3836443424224854
batch_i 652 loss 2.596606492996216
batch_i 653 loss 2.5284018516540527
batch_i 654 loss 2.5564613342285156
batch_i 655 loss 2.612224578857422
batch_i 656 loss 2.5812337398529053
batch_i 657 loss 2.530305862426758
batch_i 658 loss 2.4836437702178955
batch_i 659 loss 2.608736991882324
batch_i 660 loss 2.5649731159210205
batch_i 661 loss 2.459456205368042
batch_i 662 loss 2.488365888595581
batch_i 663 loss 2.466641902923584
batch_i 664 loss 2.4992780685424805
batch_i 665 loss 2.5335402488708496
batch_i 666 loss 2.53857159614563
batch_i 667 loss 2.507511615753174
batch_i 668 loss 2.4611079692840576
batch_i 669 loss 2.4771716594696045
batch_i 670 loss 2.5236892700195312
batch_i 671 loss 2.543036699295044
batch_i 672 loss 2.5730910301208496
batch_i 673 loss 2.5454137325286865
batch_i 674 loss 2.45959734916687
batch_i 675 loss 2.535611391067505
batch_i 676 loss 2.4541239738464355
batch_i 677 loss 2.6250534057617188
batch_i 678 loss 2.3518784046173096
batch_i 679 loss 2.4844629764556885
batch_i 680 loss 2.5459046363830566
batch_i 681 loss 2.504265069961548
batch_i 682 loss 2.5723814964294434
batch_i 683 loss 2.4628496170043945
batch_i 684 loss 2.5096044540405273
batch_i 685 loss 2.5459959506988525
batch_i 686 loss 2.585099697113037
batch_i 687 loss 2.3807597160339355
batch_i 688 loss 2.537180185317993
batch_i 689 loss 2.5700440406799316
batch_i 690 loss 2.4529621601104736
batch_i 691 loss 2.399151086807251
batch_i 692 loss 2.4801056385040283
batch_i 693 loss 2.4875335693359375
batch_i 694 loss 2.376220226287842
batch_i 695 loss 2.5034372806549072
batch_i 696 loss 2.5239105224609375
batch_i 697 loss 2.5472207069396973
batch_i 698 loss 2.392805814743042
batch_i 699 loss 2.4247004985809326
batch_i 700 loss 2.5430617332458496
batch_i 700 num_playouts 5000 win 5 lose 5 tie 0
batch_i 701 loss 2.5213940143585205
batch_i 702 loss 2.4566280841827393
batch_i 703 loss 2.4110569953918457
batch_i 704 loss 2.359656572341919
batch_i 705 loss 2.419949531555176
batch_i 706 loss 2.485696792602539
batch_i 707 loss 2.4598982334136963
batch_i 708 loss 2.440955638885498
batch_i 709 loss 2.5604069232940674
batch_i 710 loss 2.4298007488250732
batch_i 711 loss 2.5346813201904297
batch_i 712 loss 2.472020387649536
batch_i 713 loss 2.4552884101867676
batch_i 714 loss 2.4336647987365723
batch_i 715 loss 2.504575729370117
batch_i 716 loss 2.5265560150146484
batch_i 717 loss 2.3805649280548096
batch_i 718 loss 2.4788336753845215
batch_i 719 loss 2.405582904815674
batch_i 720 loss 2.5787551403045654
batch_i 721 loss 2.4853649139404297
batch_i 722 loss 2.5232245922088623
batch_i 723 loss 2.4479618072509766
batch_i 724 loss 2.5213208198547363
batch_i 725 loss 2.5578131675720215
batch_i 726 loss 2.4593939781188965
batch_i 727 loss 2.42262601852417
batch_i 728 loss 2.480276107788086
batch_i 729 loss 2.474836826324463
batch_i 730 loss 2.541433334350586
batch_i 731 loss 2.585951328277588
batch_i 732 loss 2.5426299571990967
batch_i 733 loss 2.4377269744873047
batch_i 734 loss 2.488649368286133
batch_i 735 loss 2.4146223068237305
batch_i 736 loss 2.468642234802246
batch_i 737 loss 2.528271436691284
batch_i 738 loss 2.4743754863739014
batch_i 739 loss 2.584280490875244
batch_i 740 loss 2.4468111991882324
batch_i 741 loss 2.4893908500671387
batch_i 742 loss 2.5398128032684326
batch_i 743 loss 2.475633144378662
batch_i 744 loss 2.5552453994750977
batch_i 745 loss 2.5101723670959473
batch_i 746 loss 2.4783153533935547
batch_i 747 loss 2.431039571762085
batch_i 748 loss 2.559110641479492
batch_i 749 loss 2.414280652999878
batch_i 750 loss 2.5902795791625977
batch_i 750 num_playouts 5000 win 5 lose 5 tie 0
batch_i 751 loss 2.502676010131836
batch_i 752 loss 2.515336275100708
batch_i 753 loss 2.4932098388671875
batch_i 754 loss 2.4837937355041504
batch_i 755 loss 2.4269542694091797
batch_i 756 loss 2.6078319549560547
batch_i 757 loss 2.5691757202148438
batch_i 758 loss 2.537317991256714
batch_i 759 loss 2.4719889163970947
batch_i 760 loss 2.5997183322906494
batch_i 761 loss 2.50545334815979
batch_i 762 loss 2.527745246887207
batch_i 763 loss 2.5355279445648193
batch_i 764 loss 2.546875476837158
batch_i 765 loss 2.525824546813965
batch_i 766 loss 2.562190532684326
batch_i 767 loss 2.4084722995758057
batch_i 768 loss 2.58929443359375
batch_i 769 loss 2.672226667404175
batch_i 770 loss 2.514775514602661
batch_i 771 loss 2.5788111686706543
batch_i 772 loss 2.6439075469970703
batch_i 773 loss 2.631040096282959
batch_i 774 loss 2.4851059913635254
batch_i 775 loss 2.5877695083618164
batch_i 776 loss 2.586660385131836
batch_i 777 loss 2.575343608856201
batch_i 778 loss 2.541295289993286
batch_i 779 loss 2.5196521282196045
batch_i 780 loss 2.6643223762512207
batch_i 781 loss 2.4425978660583496
batch_i 782 loss 2.5052876472473145
batch_i 783 loss 2.4701361656188965
batch_i 784 loss 2.3848824501037598
batch_i 785 loss 2.5169873237609863
batch_i 786 loss 2.537022113800049
batch_i 787 loss 2.5643935203552246
batch_i 788 loss 2.4614574909210205
batch_i 789 loss 2.508049726486206
batch_i 790 loss 2.512585401535034
batch_i 791 loss 2.6004703044891357
batch_i 792 loss 2.4964683055877686
batch_i 793 loss 2.4973249435424805
batch_i 794 loss 2.5947470664978027
batch_i 795 loss 2.5102806091308594
batch_i 796 loss 2.4941391944885254
batch_i 797 loss 2.4844729900360107
batch_i 798 loss 2.496730089187622
batch_i 799 loss 2.594191551208496
batch_i 800 loss 2.521721363067627
batch_i 800 num_playouts 5000 win 9 lose 1 tie 0
batch_i 801 loss 2.5416855812072754
batch_i 802 loss 2.594529151916504
batch_i 803 loss 2.464778184890747
batch_i 804 loss 2.51369571685791
batch_i 805 loss 2.608041524887085
batch_i 806 loss 2.479210138320923
batch_i 807 loss 2.612077474594116
batch_i 808 loss 2.515408515930176
batch_i 809 loss 2.5616846084594727
batch_i 810 loss 2.476374387741089
batch_i 811 loss 2.5171945095062256
batch_i 812 loss 2.524799108505249
batch_i 813 loss 2.501295328140259
batch_i 814 loss 2.493640184402466
batch_i 815 loss 2.53717303276062
batch_i 816 loss 2.477830410003662
batch_i 817 loss 2.4982128143310547
batch_i 818 loss 2.55932879447937
batch_i 819 loss 2.5423502922058105
batch_i 820 loss 2.5201334953308105
batch_i 821 loss 2.5067334175109863
batch_i 822 loss 2.5642552375793457
batch_i 823 loss 2.4901556968688965
batch_i 824 loss 2.5255041122436523
batch_i 825 loss 2.533994436264038
batch_i 826 loss 2.4160754680633545
batch_i 827 loss 2.6151442527770996
batch_i 828 loss 2.602245330810547
batch_i 829 loss 2.548189401626587
batch_i 830 loss 2.5539186000823975
batch_i 831 loss 2.517291784286499
batch_i 832 loss 2.5833218097686768
batch_i 833 loss 2.625225782394409
batch_i 834 loss 2.5332071781158447
batch_i 835 loss 2.532090663909912
batch_i 836 loss 2.398737668991089
batch_i 837 loss 2.4642326831817627
batch_i 838 loss 2.6677424907684326
batch_i 839 loss 2.5674374103546143
batch_i 840 loss 2.518690824508667
batch_i 841 loss 2.5317912101745605
batch_i 842 loss 2.66701340675354
batch_i 843 loss 2.5979325771331787
batch_i 844 loss 2.5504305362701416
batch_i 845 loss 2.543931722640991
batch_i 846 loss 2.487109661102295
batch_i 847 loss 2.581785202026367
batch_i 848 loss 2.560047149658203
batch_i 849 loss 2.5836071968078613
batch_i 850 loss 2.5673577785491943
batch_i 850 num_playouts 5000 win 8 lose 2 tie 0
batch_i 851 loss 2.551650047302246
batch_i 852 loss 2.6412606239318848
batch_i 853 loss 2.5388591289520264
batch_i 854 loss 2.418255090713501
batch_i 855 loss 2.5380091667175293
batch_i 856 loss 2.516932487487793
batch_i 857 loss 2.5983409881591797
batch_i 858 loss 2.7012252807617188
batch_i 859 loss 2.61845064163208
batch_i 860 loss 2.702871322631836
batch_i 861 loss 2.640777587890625
batch_i 862 loss 2.5842628479003906
batch_i 863 loss 2.6692280769348145
batch_i 864 loss 2.6855311393737793
batch_i 865 loss 2.6794862747192383
batch_i 866 loss 2.5939602851867676
batch_i 867 loss 2.6386163234710693
batch_i 868 loss 2.6041460037231445
batch_i 869 loss 2.683528184890747
batch_i 870 loss 2.6218514442443848
batch_i 871 loss 2.4679694175720215
batch_i 872 loss 2.6741299629211426
batch_i 873 loss 2.5914511680603027
batch_i 874 loss 2.635033130645752
batch_i 875 loss 2.550062656402588
batch_i 876 loss 2.5284762382507324
batch_i 877 loss 2.464571952819824
batch_i 878 loss 2.653167247772217
batch_i 879 loss 2.690396308898926
batch_i 880 loss 2.6537294387817383
batch_i 881 loss 2.5930838584899902
batch_i 882 loss 2.6702733039855957
batch_i 883 loss 2.767752170562744
batch_i 884 loss 2.7554986476898193
batch_i 885 loss 2.6993532180786133
batch_i 886 loss 2.5805630683898926
batch_i 887 loss 2.7287216186523438
batch_i 888 loss 2.641559600830078
batch_i 889 loss 2.673192262649536
batch_i 890 loss 2.6873936653137207
batch_i 891 loss 2.6356704235076904
batch_i 892 loss 2.648764133453369
batch_i 893 loss 2.6542861461639404
batch_i 894 loss 2.6089024543762207
batch_i 895 loss 2.6241300106048584
batch_i 896 loss 2.6102800369262695
batch_i 897 loss 2.7270240783691406
batch_i 898 loss 2.5880424976348877
batch_i 899 loss 2.632762908935547
batch_i 900 loss 2.636174440383911
batch_i 900 num_playouts 5000 win 8 lose 2 tie 0
batch_i 901 loss 2.547238349914551
batch_i 902 loss 2.6060538291931152
batch_i 903 loss 2.6995902061462402
batch_i 904 loss 2.5469729900360107
batch_i 905 loss 2.667562961578369
batch_i 906 loss 2.61202335357666
batch_i 907 loss 2.6245651245117188
batch_i 908 loss 2.5776925086975098
batch_i 909 loss 2.5492630004882812
batch_i 910 loss 2.625133514404297
batch_i 911 loss 2.545659065246582
batch_i 912 loss 2.5747039318084717
batch_i 913 loss 2.610991954803467
batch_i 914 loss 2.470548152923584
batch_i 915 loss 2.6538357734680176
batch_i 916 loss 2.586082935333252
batch_i 917 loss 2.5520613193511963
batch_i 918 loss 2.5528371334075928
batch_i 919 loss 2.5460546016693115
batch_i 920 loss 2.558596611022949
batch_i 921 loss 2.51419734954834
batch_i 922 loss 2.6112544536590576
batch_i 923 loss 2.553067684173584
batch_i 924 loss 2.506643295288086
batch_i 925 loss 2.5645880699157715
batch_i 926 loss 2.5744287967681885
batch_i 927 loss 2.492116928100586
batch_i 928 loss 2.510016441345215
batch_i 929 loss 2.493654727935791
batch_i 930 loss 2.509000062942505
batch_i 931 loss 2.5907652378082275
batch_i 932 loss 2.6151766777038574
batch_i 933 loss 2.5963542461395264
batch_i 934 loss 2.5426816940307617
batch_i 935 loss 2.5658576488494873
batch_i 936 loss 2.5280332565307617
batch_i 937 loss 2.6500043869018555
batch_i 938 loss 2.5307776927948
batch_i 939 loss 2.5812060832977295
batch_i 940 loss 2.42754864692688
batch_i 941 loss 2.6632139682769775
batch_i 942 loss 2.5143046379089355
batch_i 943 loss 2.4845376014709473
batch_i 944 loss 2.5321004390716553
batch_i 945 loss 2.5574092864990234
batch_i 946 loss 2.553407669067383
batch_i 947 loss 2.4475600719451904
batch_i 948 loss 2.5250139236450195
batch_i 949 loss 2.562378406524658
batch_i 950 loss 2.5583534240722656
batch_i 950 num_playouts 5000 win 8 lose 2 tie 0
batch_i 951 loss 2.5363786220550537
batch_i 952 loss 2.5846102237701416
batch_i 953 loss 2.5064830780029297
batch_i 954 loss 2.55448055267334
batch_i 955 loss 2.4567508697509766
batch_i 956 loss 2.662060260772705
batch_i 957 loss 2.623612403869629
batch_i 958 loss 2.5941357612609863
batch_i 959 loss 2.565298080444336
batch_i 960 loss 2.5220413208007812
batch_i 961 loss 2.532432794570923
batch_i 962 loss 2.540825843811035
batch_i 963 loss 2.577810287475586
batch_i 964 loss 2.527989387512207
batch_i 965 loss 2.5971786975860596
batch_i 966 loss 2.4390921592712402
batch_i 967 loss 2.5271124839782715
batch_i 968 loss 2.544484853744507
batch_i 969 loss 2.5403411388397217
batch_i 970 loss 2.570809841156006
batch_i 971 loss 2.502842664718628
batch_i 972 loss 2.7269740104675293
batch_i 973 loss 2.5478012561798096
batch_i 974 loss 2.5024399757385254
batch_i 975 loss 2.6462783813476562
batch_i 976 loss 2.60599946975708
batch_i 977 loss 2.5308589935302734
batch_i 978 loss 2.623589038848877
batch_i 979 loss 2.624218463897705
batch_i 980 loss 2.5850443840026855
batch_i 981 loss 2.567656993865967
batch_i 982 loss 2.5220203399658203
batch_i 983 loss 2.5583198070526123
batch_i 984 loss 2.5528414249420166
batch_i 985 loss 2.592827320098877
batch_i 986 loss 2.545833110809326
batch_i 987 loss 2.6456873416900635
batch_i 988 loss 2.681516647338867
batch_i 989 loss 2.63847279548645
batch_i 990 loss 2.652238130569458
batch_i 991 loss 2.570805072784424
batch_i 992 loss 2.570046901702881
batch_i 993 loss 2.5563151836395264
batch_i 994 loss 2.5397839546203613
batch_i 995 loss 2.6460764408111572
batch_i 996 loss 2.608393669128418
batch_i 997 loss 2.6308960914611816
batch_i 998 loss 2.5642294883728027
batch_i 999 loss 2.587862968444824
batch_i 1000 loss 2.603300094604492
batch_i 1000 num_playouts 5000 win 10 lose 0 tie 0
batch_i 1001 loss 2.533612012863159
batch_i 1002 loss 2.7149593830108643
batch_i 1003 loss 2.6171674728393555
batch_i 1004 loss 2.6524813175201416
batch_i 1005 loss 2.690889596939087
batch_i 1006 loss 2.6085901260375977
batch_i 1007 loss 2.6561279296875
batch_i 1008 loss 2.575528144836426
batch_i 1009 loss 2.6129257678985596
batch_i 1010 loss 2.6410975456237793
batch_i 1011 loss 2.590595006942749
batch_i 1012 loss 2.6792356967926025
batch_i 1013 loss 2.595271587371826
batch_i 1014 loss 2.651973009109497
batch_i 1015 loss 2.6282129287719727
batch_i 1016 loss 2.6200313568115234
batch_i 1017 loss 2.6165683269500732
batch_i 1018 loss 2.467505693435669
batch_i 1019 loss 2.528048515319824
batch_i 1020 loss 2.427522659301758
batch_i 1021 loss 2.5327863693237305
batch_i 1022 loss 2.6477274894714355
batch_i 1023 loss 2.5261313915252686
batch_i 1024 loss 2.598879814147949
batch_i 1025 loss 2.5795581340789795
batch_i 1026 loss 2.6071810722351074
batch_i 1027 loss 2.591794013977051
batch_i 1028 loss 2.5993270874023438
batch_i 1029 loss 2.5043740272521973
batch_i 1030 loss 2.562779188156128
batch_i 1031 loss 2.5570507049560547
batch_i 1032 loss 2.4441864490509033
batch_i 1033 loss 2.5800225734710693
batch_i 1034 loss 2.5195152759552
batch_i 1035 loss 2.5507662296295166
batch_i 1036 loss 2.5275604724884033
batch_i 1037 loss 2.5757155418395996
batch_i 1038 loss 2.5590009689331055
batch_i 1039 loss 2.524231195449829
batch_i 1040 loss 2.517587661743164
batch_i 1041 loss 2.519134283065796
batch_i 1042 loss 2.512526512145996
batch_i 1043 loss 2.5346016883850098
batch_i 1044 loss 2.4599528312683105
batch_i 1045 loss 2.501434564590454
batch_i 1046 loss 2.5941381454467773
batch_i 1047 loss 2.568821430206299
batch_i 1048 loss 2.5357017517089844
batch_i 1049 loss 2.5374605655670166
batch_i 1050 loss 2.5182552337646484
batch_i 1050 num_playouts 5000 win 9 lose 1 tie 0
batch_i 1051 loss 2.5066938400268555
batch_i 1052 loss 2.6033918857574463
batch_i 1053 loss 2.554128646850586
batch_i 1054 loss 2.564441204071045
batch_i 1055 loss 2.627338171005249
batch_i 1056 loss 2.4810574054718018
batch_i 1057 loss 2.687744379043579
batch_i 1058 loss 2.555022716522217
batch_i 1059 loss 2.574120283126831
batch_i 1060 loss 2.643519639968872
batch_i 1061 loss 2.622222661972046
batch_i 1062 loss 2.701141357421875
batch_i 1063 loss 2.57852840423584
batch_i 1064 loss 2.5610098838806152
batch_i 1065 loss 2.5547261238098145
batch_i 1066 loss 2.3584656715393066
batch_i 1067 loss 2.6200177669525146
batch_i 1068 loss 2.447125196456909
batch_i 1069 loss 2.60516619682312
batch_i 1070 loss 2.48368239402771
batch_i 1071 loss 2.4426393508911133
batch_i 1072 loss 2.647212028503418
batch_i 1073 loss 2.549588680267334
batch_i 1074 loss 2.5683016777038574
batch_i 1075 loss 2.536099433898926
batch_i 1076 loss 2.6288669109344482
batch_i 1077 loss 2.4810314178466797
batch_i 1078 loss 2.609652042388916
batch_i 1079 loss 2.488919496536255
batch_i 1080 loss 2.572408676147461
batch_i 1081 loss 2.4506492614746094
batch_i 1082 loss 2.4968528747558594
batch_i 1083 loss 2.550394296646118
batch_i 1084 loss 2.4754791259765625
batch_i 1085 loss 2.5775833129882812
batch_i 1086 loss 2.6741816997528076
batch_i 1087 loss 2.686899185180664
batch_i 1088 loss 2.5690805912017822
batch_i 1089 loss 2.5532479286193848
batch_i 1090 loss 2.620007038116455
batch_i 1091 loss 2.525425910949707
batch_i 1092 loss 2.484560012817383
batch_i 1093 loss 2.660726308822632
batch_i 1094 loss 2.4379637241363525
batch_i 1095 loss 2.4055376052856445
batch_i 1096 loss 2.446140766143799
batch_i 1097 loss 2.612853527069092
batch_i 1098 loss 2.608038902282715
batch_i 1099 loss 2.5801944732666016
batch_i 1100 loss 2.490321397781372
batch_i 1100 num_playouts 5000 win 6 lose 4 tie 0
batch_i 1101 loss 2.516082525253296
batch_i 1102 loss 2.536102294921875
batch_i 1103 loss 2.582385301589966
batch_i 1104 loss 2.6152286529541016
batch_i 1105 loss 2.557305335998535
batch_i 1106 loss 2.610626220703125
batch_i 1107 loss 2.6660571098327637
batch_i 1108 loss 2.5270540714263916
batch_i 1109 loss 2.6252307891845703
batch_i 1110 loss 2.6165318489074707
batch_i 1111 loss 2.5562686920166016
batch_i 1112 loss 2.6904351711273193
batch_i 1113 loss 2.7193379402160645
batch_i 1114 loss 2.529780149459839
batch_i 1115 loss 2.50905442237854
batch_i 1116 loss 2.638458251953125
batch_i 1117 loss 2.6615092754364014
batch_i 1118 loss 2.6645755767822266
batch_i 1119 loss 2.6897056102752686
batch_i 1120 loss 2.5623373985290527
batch_i 1121 loss 2.6894583702087402
batch_i 1122 loss 2.6336750984191895
batch_i 1123 loss 2.5018832683563232
batch_i 1124 loss 2.5716631412506104
batch_i 1125 loss 2.5736865997314453
batch_i 1126 loss 2.490290641784668
batch_i 1127 loss 2.6941442489624023
batch_i 1128 loss 2.7248709201812744
batch_i 1129 loss 2.651251792907715
batch_i 1130 loss 2.637849807739258
batch_i 1131 loss 2.7564644813537598
batch_i 1132 loss 2.7443976402282715
batch_i 1133 loss 2.672565221786499
batch_i 1134 loss 2.641846179962158
batch_i 1135 loss 2.7388885021209717
batch_i 1136 loss 2.6926379203796387
batch_i 1137 loss 2.70259428024292
batch_i 1138 loss 2.71211576461792
batch_i 1139 loss 2.695380210876465
batch_i 1140 loss 2.706472873687744
batch_i 1141 loss 2.7782204151153564
batch_i 1142 loss 2.7738447189331055
batch_i 1143 loss 2.7010836601257324
batch_i 1144 loss 2.75764799118042
batch_i 1145 loss 2.647639513015747
batch_i 1146 loss 2.6723124980926514
batch_i 1147 loss 2.690185546875
batch_i 1148 loss 2.646960973739624
batch_i 1149 loss 2.68088960647583
batch_i 1150 loss 2.7093632221221924
batch_i 1150 num_playouts 5000 win 8 lose 2 tie 0
batch_i 1151 loss 2.64639949798584
batch_i 1152 loss 2.6451148986816406
batch_i 1153 loss 2.61914324760437
batch_i 1154 loss 2.600543260574341
batch_i 1155 loss 2.6084771156311035
batch_i 1156 loss 2.6182591915130615
batch_i 1157 loss 2.591546058654785
batch_i 1158 loss 2.5499415397644043
batch_i 1159 loss 2.7122445106506348
batch_i 1160 loss 2.718043804168701
batch_i 1161 loss 2.7136929035186768
batch_i 1162 loss 2.7147836685180664
batch_i 1163 loss 2.6983819007873535
batch_i 1164 loss 2.690802812576294
batch_i 1165 loss 2.660036325454712
batch_i 1166 loss 2.636664390563965
batch_i 1167 loss 2.6360979080200195
batch_i 1168 loss 2.674520969390869
batch_i 1169 loss 2.6771578788757324
batch_i 1170 loss 2.6787149906158447
batch_i 1171 loss 2.6634521484375
batch_i 1172 loss 2.605639696121216
batch_i 1173 loss 2.65826153755188
batch_i 1174 loss 2.619978904724121
batch_i 1175 loss 2.68843936920166
batch_i 1176 loss 2.5648603439331055
batch_i 1177 loss 2.478579521179199
batch_i 1178 loss 2.6736176013946533
batch_i 1179 loss 2.5351436138153076
batch_i 1180 loss 2.550123929977417
batch_i 1181 loss 2.6296072006225586
batch_i 1182 loss 2.527773380279541
batch_i 1183 loss 2.5810093879699707
batch_i 1184 loss 2.49716854095459
batch_i 1185 loss 2.5059025287628174
batch_i 1186 loss 2.605685234069824
batch_i 1187 loss 2.5798280239105225
batch_i 1188 loss 2.59944224357605
batch_i 1189 loss 2.5653929710388184
batch_i 1190 loss 2.6507999897003174
batch_i 1191 loss 2.5076842308044434
batch_i 1192 loss 2.652484893798828
batch_i 1193 loss 2.5331358909606934
batch_i 1194 loss 2.6538491249084473
batch_i 1195 loss 2.6284823417663574
batch_i 1196 loss 2.690554141998291
batch_i 1197 loss 2.627638339996338
batch_i 1198 loss 2.6135144233703613
batch_i 1199 loss 2.5910940170288086
batch_i 1200 loss 2.578209638595581
batch_i 1200 num_playouts 5000 win 8 lose 1 tie 1
batch_i 1201 loss 2.6274712085723877
batch_i 1202 loss 2.5417468547821045
batch_i 1203 loss 2.454482078552246
batch_i 1204 loss 2.60654616355896
batch_i 1205 loss 2.564349889755249
batch_i 1206 loss 2.556100368499756
batch_i 1207 loss 2.6818904876708984
batch_i 1208 loss 2.559062957763672
batch_i 1209 loss 2.6188101768493652
batch_i 1210 loss 2.5998826026916504
batch_i 1211 loss 2.49045991897583
batch_i 1212 loss 2.629502296447754
batch_i 1213 loss 2.6238162517547607
batch_i 1214 loss 2.6852002143859863
batch_i 1215 loss 2.592423915863037
batch_i 1216 loss 2.67061448097229
batch_i 1217 loss 2.5634522438049316
batch_i 1218 loss 2.4500012397766113
batch_i 1219 loss 2.498988151550293
batch_i 1220 loss 2.5093719959259033
batch_i 1221 loss 2.5906789302825928
batch_i 1222 loss 2.570661783218384
batch_i 1223 loss 2.561357021331787
batch_i 1224 loss 2.47465181350708
batch_i 1225 loss 2.5289621353149414
batch_i 1226 loss 2.510521411895752
batch_i 1227 loss 2.5433926582336426
batch_i 1228 loss 2.5343267917633057
batch_i 1229 loss 2.5258233547210693
batch_i 1230 loss 2.489375114440918
batch_i 1231 loss 2.4975907802581787
batch_i 1232 loss 2.4789204597473145
batch_i 1233 loss 2.399136781692505
batch_i 1234 loss 2.532217025756836
batch_i 1235 loss 2.4876937866210938
batch_i 1236 loss 2.5150246620178223
batch_i 1237 loss 2.5357277393341064
batch_i 1238 loss 2.561522960662842
batch_i 1239 loss 2.512345552444458
batch_i 1240 loss 2.4977612495422363
batch_i 1241 loss 2.475604772567749
batch_i 1242 loss 2.4305429458618164
batch_i 1243 loss 2.5112199783325195
batch_i 1244 loss 2.5506181716918945
batch_i 1245 loss 2.5190131664276123
batch_i 1246 loss 2.506709575653076
batch_i 1247 loss 2.491804599761963
batch_i 1248 loss 2.5625662803649902
batch_i 1249 loss 2.3910937309265137
batch_i 1250 loss 2.3810372352600098
batch_i 1250 num_playouts 5000 win 9 lose 0 tie 1
batch_i 1251 loss 2.5722155570983887
batch_i 1252 loss 2.428351640701294
batch_i 1253 loss 2.430805206298828
batch_i 1254 loss 2.4747369289398193
batch_i 1255 loss 2.4636118412017822
batch_i 1256 loss 2.428440570831299
batch_i 1257 loss 2.417881488800049
batch_i 1258 loss 2.4680604934692383
batch_i 1259 loss 2.518852710723877
batch_i 1260 loss 2.4463109970092773
batch_i 1261 loss 2.310518741607666
batch_i 1262 loss 2.4261794090270996
batch_i 1263 loss 2.588984966278076
batch_i 1264 loss 2.3538613319396973
batch_i 1265 loss 2.4066925048828125
batch_i 1266 loss 2.370290517807007
batch_i 1267 loss 2.471959352493286
batch_i 1268 loss 2.464242935180664
batch_i 1269 loss 2.483180522918701
batch_i 1270 loss 2.421276330947876
batch_i 1271 loss 2.494945526123047
batch_i 1272 loss 2.525002956390381
batch_i 1273 loss 2.4745917320251465
batch_i 1274 loss 2.494586944580078
batch_i 1275 loss 2.390815258026123
batch_i 1276 loss 2.474032402038574
batch_i 1277 loss 2.5177676677703857
batch_i 1278 loss 2.465569019317627
batch_i 1279 loss 2.3819825649261475
batch_i 1280 loss 2.370586395263672
batch_i 1281 loss 2.4720070362091064
batch_i 1282 loss 2.4055566787719727
batch_i 1283 loss 2.388758659362793
batch_i 1284 loss 2.2725865840911865
batch_i 1285 loss 2.3093299865722656
batch_i 1286 loss 2.2968568801879883
batch_i 1287 loss 2.429356575012207
batch_i 1288 loss 2.4324662685394287
batch_i 1289 loss 2.3647689819335938
batch_i 1290 loss 2.410186290740967
batch_i 1291 loss 2.338986396789551
batch_i 1292 loss 2.3536720275878906
batch_i 1293 loss 2.38295578956604
batch_i 1294 loss 2.324234962463379
batch_i 1295 loss 2.4391367435455322
batch_i 1296 loss 2.365145683288574
batch_i 1297 loss 2.3340814113616943
batch_i 1298 loss 2.2342233657836914
batch_i 1299 loss 2.429516553878784
batch_i 1300 loss 2.311446189880371
batch_i 1300 num_playouts 5000 win 9 lose 1 tie 0
batch_i 1301 loss 2.3447747230529785
batch_i 1302 loss 2.4098029136657715
batch_i 1303 loss 2.2845287322998047
batch_i 1304 loss 2.3531908988952637
batch_i 1305 loss 2.3404040336608887
batch_i 1306 loss 2.301389694213867
batch_i 1307 loss 2.2935965061187744
batch_i 1308 loss 2.244332790374756
batch_i 1309 loss 2.251725196838379
batch_i 1310 loss 2.185319662094116
batch_i 1311 loss 2.2891037464141846
batch_i 1312 loss 2.2570436000823975
batch_i 1313 loss 2.304886817932129
batch_i 1314 loss 2.314159631729126
batch_i 1315 loss 2.293243885040283
batch_i 1316 loss 2.2926392555236816
batch_i 1317 loss 2.24416446685791
batch_i 1318 loss 2.28385853767395
batch_i 1319 loss 2.2756543159484863
batch_i 1320 loss 2.378387212753296
batch_i 1321 loss 2.302086353302002
batch_i 1322 loss 2.275172472000122
batch_i 1323 loss 2.3464205265045166
batch_i 1324 loss 2.2788286209106445
batch_i 1325 loss 2.3107380867004395
batch_i 1326 loss 2.3857693672180176
batch_i 1327 loss 2.339953899383545
batch_i 1328 loss 2.2895805835723877
batch_i 1329 loss 2.2819502353668213
batch_i 1330 loss 2.3963849544525146
batch_i 1331 loss 2.3208518028259277
batch_i 1332 loss 2.3465771675109863
batch_i 1333 loss 2.315796136856079
batch_i 1334 loss 2.333408832550049
batch_i 1335 loss 2.2911128997802734
batch_i 1336 loss 2.2043371200561523
batch_i 1337 loss 2.267341375350952
batch_i 1338 loss 2.2456207275390625
batch_i 1339 loss 2.2864608764648438
batch_i 1340 loss 2.2680606842041016
batch_i 1341 loss 2.277383327484131
batch_i 1342 loss 2.2230498790740967
batch_i 1343 loss 2.188474416732788
batch_i 1344 loss 2.210517168045044
batch_i 1345 loss 2.254570722579956
batch_i 1346 loss 2.3323848247528076
batch_i 1347 loss 2.335153818130493
batch_i 1348 loss 2.248046875
batch_i 1349 loss 2.226881980895996
batch_i 1350 loss 2.2240049839019775
batch_i 1350 num_playouts 5000 win 9 lose 1 tie 0
batch_i 1351 loss 2.3065736293792725
batch_i 1352 loss 2.19742488861084
batch_i 1353 loss 2.2205255031585693
batch_i 1354 loss 2.2031540870666504
batch_i 1355 loss 2.3558449745178223
batch_i 1356 loss 2.2792248725891113
batch_i 1357 loss 2.2604188919067383
batch_i 1358 loss 2.273946523666382
batch_i 1359 loss 2.215642213821411
batch_i 1360 loss 2.2915120124816895
batch_i 1361 loss 2.2198550701141357
batch_i 1362 loss 2.1438448429107666
batch_i 1363 loss 2.2530977725982666
batch_i 1364 loss 2.2358405590057373
batch_i 1365 loss 2.2448792457580566
batch_i 1366 loss 2.2083277702331543
batch_i 1367 loss 2.3349380493164062
batch_i 1368 loss 2.2634105682373047
batch_i 1369 loss 2.2308504581451416
batch_i 1370 loss 2.2951550483703613
batch_i 1371 loss 2.2657792568206787
batch_i 1372 loss 2.2085111141204834
batch_i 1373 loss 2.196981430053711
batch_i 1374 loss 2.2461891174316406
batch_i 1375 loss 2.2439000606536865
batch_i 1376 loss 2.2637269496917725
batch_i 1377 loss 2.2504332065582275
batch_i 1378 loss 2.3133137226104736
batch_i 1379 loss 2.2548928260803223
batch_i 1380 loss 2.2638297080993652
batch_i 1381 loss 2.171947479248047
batch_i 1382 loss 2.2260732650756836
batch_i 1383 loss 2.3058066368103027
batch_i 1384 loss 2.199216604232788
batch_i 1385 loss 2.1659774780273438
batch_i 1386 loss 2.2819926738739014
batch_i 1387 loss 2.2170310020446777
batch_i 1388 loss 2.1977005004882812
batch_i 1389 loss 2.2112460136413574
batch_i 1390 loss 2.221484899520874
batch_i 1391 loss 2.167107582092285
batch_i 1392 loss 2.2838664054870605
batch_i 1393 loss 2.2442383766174316
batch_i 1394 loss 2.190765380859375
batch_i 1395 loss 2.24422550201416
batch_i 1396 loss 2.1726434230804443
batch_i 1397 loss 2.1908693313598633
batch_i 1398 loss 2.1553187370300293
batch_i 1399 loss 2.1522858142852783
batch_i 1400 loss 2.1685967445373535
batch_i 1400 num_playouts 5000 win 7 lose 2 tie 1
batch_i 1401 loss 2.2475979328155518
batch_i 1402 loss 2.1976239681243896
batch_i 1403 loss 2.12384033203125
batch_i 1404 loss 2.122828245162964
batch_i 1405 loss 2.1911492347717285
batch_i 1406 loss 2.093369960784912
batch_i 1407 loss 2.1832237243652344
batch_i 1408 loss 2.132147789001465
batch_i 1409 loss 2.121734619140625
batch_i 1410 loss 2.1152071952819824
batch_i 1411 loss 2.2111194133758545
batch_i 1412 loss 2.285433769226074
batch_i 1413 loss 2.184417247772217
batch_i 1414 loss 2.195255756378174
batch_i 1415 loss 2.1207375526428223
batch_i 1416 loss 2.0928330421447754
batch_i 1417 loss 2.097548723220825
batch_i 1418 loss 2.0780863761901855
batch_i 1419 loss 2.209895372390747
batch_i 1420 loss 2.2209115028381348
batch_i 1421 loss 2.2491812705993652
batch_i 1422 loss 2.103961944580078
batch_i 1423 loss 2.1950883865356445
batch_i 1424 loss 2.2995147705078125
batch_i 1425 loss 2.253725528717041
batch_i 1426 loss 2.1062183380126953
batch_i 1427 loss 2.226423501968384
batch_i 1428 loss 2.352182626724243
batch_i 1429 loss 2.3041903972625732
batch_i 1430 loss 2.2574057579040527
batch_i 1431 loss 2.271348237991333
batch_i 1432 loss 2.291168689727783
batch_i 1433 loss 2.2416651248931885
batch_i 1434 loss 2.2925219535827637
batch_i 1435 loss 2.3064818382263184
batch_i 1436 loss 2.1594536304473877
batch_i 1437 loss 2.2136266231536865
batch_i 1438 loss 2.255427360534668
batch_i 1439 loss 2.285703420639038
batch_i 1440 loss 2.1912078857421875
batch_i 1441 loss 2.1898910999298096
batch_i 1442 loss 2.238541603088379
batch_i 1443 loss 2.3124547004699707
batch_i 1444 loss 2.2679855823516846
batch_i 1445 loss 2.2226080894470215
batch_i 1446 loss 2.2358946800231934
batch_i 1447 loss 2.3556792736053467
batch_i 1448 loss 2.4183735847473145
batch_i 1449 loss 2.217048168182373
batch_i 1450 loss 2.2575747966766357
batch_i 1450 num_playouts 5000 win 8 lose 2 tie 0
batch_i 1451 loss 2.313251256942749
batch_i 1452 loss 2.2443764209747314
batch_i 1453 loss 2.2817554473876953
batch_i 1454 loss 2.2268855571746826
batch_i 1455 loss 2.232071876525879
batch_i 1456 loss 2.3148396015167236
batch_i 1457 loss 2.216874361038208
batch_i 1458 loss 2.217162609100342
batch_i 1459 loss 2.2928595542907715
batch_i 1460 loss 2.2882931232452393
batch_i 1461 loss 2.276031970977783
batch_i 1462 loss 2.3126606941223145
batch_i 1463 loss 2.3234059810638428
batch_i 1464 loss 2.3313770294189453
batch_i 1465 loss 2.3261775970458984
batch_i 1466 loss 2.3295979499816895
batch_i 1467 loss 2.392991781234741
batch_i 1468 loss 2.3078250885009766
batch_i 1469 loss 2.4518120288848877
batch_i 1470 loss 2.3090548515319824
batch_i 1471 loss 2.35981822013855
batch_i 1472 loss 2.2154836654663086
batch_i 1473 loss 2.31638240814209
batch_i 1474 loss 2.351900815963745
batch_i 1475 loss 2.297650098800659
batch_i 1476 loss 2.263439655303955
batch_i 1477 loss 2.370243549346924
batch_i 1478 loss 2.2685139179229736
batch_i 1479 loss 2.289186954498291
batch_i 1480 loss 2.237138509750366
batch_i 1481 loss 2.319708824157715
batch_i 1482 loss 2.282261371612549
batch_i 1483 loss 2.3708112239837646
batch_i 1484 loss 2.309891700744629
batch_i 1485 loss 2.3513271808624268
batch_i 1486 loss 2.361241579055786
batch_i 1487 loss 2.376594066619873
batch_i 1488 loss 2.4429590702056885
batch_i 1489 loss 2.342409610748291
batch_i 1490 loss 2.3910841941833496
batch_i 1491 loss 2.3838951587677
batch_i 1492 loss 2.3667969703674316
batch_i 1493 loss 2.3468549251556396
batch_i 1494 loss 2.4912376403808594
batch_i 1495 loss 2.4174060821533203
batch_i 1496 loss 2.454127311706543
batch_i 1497 loss 2.352090835571289
batch_i 1498 loss 2.438938617706299
batch_i 1499 loss 2.3143703937530518
batch_i 1500 loss 2.34228777885437
batch_i 1500 num_playouts 5000 win 9 lose 0 tie 1
