batch_i 5 loss 2.6615138053894043
batch_i 6 loss 3.6271939277648926
batch_i 7 loss 2.9604482650756836
batch_i 8 loss 2.8258612155914307
batch_i 9 loss 2.7226271629333496
batch_i 10 loss 2.632371187210083
batch_i 11 loss 2.6370060443878174
batch_i 12 loss 2.675103187561035
batch_i 13 loss 2.5852456092834473
batch_i 14 loss 2.602524995803833
batch_i 15 loss 2.510683536529541
batch_i 16 loss 2.5025081634521484
batch_i 17 loss 2.558859348297119
batch_i 18 loss 2.4833474159240723
batch_i 19 loss 2.593067169189453
batch_i 20 loss 2.586977005004883
batch_i 21 loss 2.5002315044403076
batch_i 22 loss 2.441006898880005
batch_i 23 loss 2.598597764968872
batch_i 24 loss 2.5413575172424316
batch_i 25 loss 2.626894474029541
batch_i 26 loss 2.7997238636016846
batch_i 27 loss 2.6508724689483643
batch_i 28 loss 2.749053716659546
batch_i 29 loss 2.840031385421753
batch_i 30 loss 2.7066805362701416
batch_i 31 loss 2.6131207942962646
batch_i 32 loss 2.6527462005615234
batch_i 33 loss 2.8084373474121094
batch_i 34 loss 2.8066153526306152
batch_i 35 loss 2.6275582313537598
batch_i 36 loss 2.7809314727783203
batch_i 37 loss 2.698230266571045
batch_i 38 loss 2.7547948360443115
batch_i 39 loss 2.638169765472412
batch_i 40 loss 2.643052816390991
batch_i 41 loss 2.611438274383545
batch_i 42 loss 2.584205150604248
batch_i 43 loss 2.6922757625579834
batch_i 44 loss 2.7146310806274414
batch_i 45 loss 2.703301191329956
batch_i 46 loss 2.706974506378174
batch_i 47 loss 2.851763963699341
batch_i 48 loss 2.810662269592285
batch_i 49 loss 2.9024786949157715
batch_i 50 loss 2.7212305068969727
batch_i 50 num_playouts 1000 win 10 lose 0 tie 0
batch_i 51 loss 2.8085553646087646
batch_i 52 loss 2.6593830585479736
batch_i 53 loss 2.796339273452759
batch_i 54 loss 2.6669111251831055
batch_i 55 loss 2.8468480110168457
batch_i 56 loss 2.78566837310791
batch_i 57 loss 2.7299795150756836
batch_i 58 loss 2.7581334114074707
batch_i 59 loss 2.8509013652801514
batch_i 60 loss 2.6623620986938477
batch_i 61 loss 2.8138129711151123
batch_i 62 loss 2.6769511699676514
batch_i 63 loss 2.756272315979004
batch_i 64 loss 2.7805845737457275
batch_i 65 loss 2.7769722938537598
batch_i 66 loss 2.7773470878601074
batch_i 67 loss 2.809688091278076
batch_i 68 loss 2.872030735015869
batch_i 69 loss 2.774806261062622
batch_i 70 loss 2.7723581790924072
batch_i 71 loss 2.7196247577667236
batch_i 72 loss 2.8030200004577637
batch_i 73 loss 2.7939951419830322
batch_i 74 loss 2.8006112575531006
batch_i 75 loss 2.8387210369110107
batch_i 76 loss 2.744795322418213
batch_i 77 loss 2.813579797744751
batch_i 78 loss 2.7280001640319824
batch_i 79 loss 2.866394519805908
batch_i 80 loss 2.7478950023651123
batch_i 81 loss 2.875176191329956
batch_i 82 loss 2.8879804611206055
batch_i 83 loss 2.9044556617736816
batch_i 84 loss 2.943359851837158
batch_i 85 loss 2.8942995071411133
batch_i 86 loss 2.7632174491882324
batch_i 87 loss 2.8811774253845215
batch_i 88 loss 2.8224987983703613
batch_i 89 loss 2.9247093200683594
batch_i 90 loss 2.7570900917053223
batch_i 91 loss 2.8199872970581055
batch_i 92 loss 2.7567105293273926
batch_i 93 loss 2.9279816150665283
batch_i 94 loss 2.773911952972412
batch_i 95 loss 2.88191294670105
batch_i 96 loss 2.8630456924438477
batch_i 97 loss 2.8011293411254883
batch_i 98 loss 2.839891195297241
batch_i 99 loss 2.84598708152771
batch_i 100 loss 2.8649892807006836
batch_i 100 num_playouts 2000 win 10 lose 0 tie 0
batch_i 101 loss 2.893238067626953
batch_i 102 loss 2.8835372924804688
batch_i 103 loss 2.8640666007995605
batch_i 104 loss 2.91766095161438
batch_i 105 loss 2.9229178428649902
batch_i 106 loss 2.9494755268096924
batch_i 107 loss 2.88883638381958
batch_i 108 loss 3.036071538925171
batch_i 109 loss 3.043299674987793
batch_i 110 loss 2.994436502456665
batch_i 111 loss 2.991849660873413
batch_i 112 loss 3.138214111328125
batch_i 113 loss 2.951751947402954
batch_i 114 loss 3.091407060623169
batch_i 115 loss 3.110205888748169
batch_i 116 loss 3.103271961212158
batch_i 117 loss 3.09373140335083
batch_i 118 loss 3.0904171466827393
batch_i 119 loss 3.2064216136932373
batch_i 120 loss 3.150789260864258
batch_i 121 loss 3.0005664825439453
batch_i 122 loss 3.109936237335205
batch_i 123 loss 3.2322309017181396
batch_i 124 loss 3.129364013671875
batch_i 125 loss 3.107974052429199
batch_i 126 loss 3.14410662651062
batch_i 127 loss 3.0770459175109863
batch_i 128 loss 3.166534185409546
batch_i 129 loss 3.120000123977661
batch_i 130 loss 3.0372140407562256
batch_i 131 loss 3.238858699798584
batch_i 132 loss 3.140737771987915
batch_i 133 loss 3.1404221057891846
batch_i 134 loss 3.0810940265655518
batch_i 135 loss 3.0869431495666504
batch_i 136 loss 3.06557559967041
batch_i 137 loss 3.1776282787323
batch_i 138 loss 3.1032333374023438
batch_i 139 loss 3.059663772583008
batch_i 140 loss 3.078073263168335
batch_i 141 loss 3.107903003692627
batch_i 142 loss 3.010779619216919
batch_i 143 loss 3.0491342544555664
batch_i 144 loss 3.0212562084198
batch_i 145 loss 3.0760953426361084
batch_i 146 loss 2.9928641319274902
batch_i 147 loss 3.0307533740997314
batch_i 148 loss 2.959493637084961
batch_i 149 loss 2.952157735824585
batch_i 150 loss 3.0397396087646484
batch_i 150 num_playouts 3000 win 9 lose 1 tie 0
batch_i 151 loss 2.954705238342285
batch_i 152 loss 2.965616226196289
batch_i 153 loss 2.9624719619750977
batch_i 154 loss 2.8515963554382324
batch_i 155 loss 2.939533233642578
batch_i 156 loss 2.9050498008728027
batch_i 157 loss 2.9922595024108887
batch_i 158 loss 2.94748854637146
batch_i 159 loss 2.951580286026001
batch_i 160 loss 2.8768954277038574
batch_i 161 loss 2.902324914932251
batch_i 162 loss 2.9151759147644043
batch_i 163 loss 2.9045796394348145
batch_i 164 loss 2.935154438018799
batch_i 165 loss 2.808238983154297
batch_i 166 loss 2.8428375720977783
batch_i 167 loss 2.859067440032959
batch_i 168 loss 2.874779462814331
batch_i 169 loss 2.8734233379364014
batch_i 170 loss 2.8769168853759766
batch_i 171 loss 2.886981964111328
batch_i 172 loss 2.897233724594116
batch_i 173 loss 2.783029317855835
batch_i 174 loss 2.7826356887817383
batch_i 175 loss 2.840864896774292
batch_i 176 loss 2.8684988021850586
batch_i 177 loss 2.7267370223999023
batch_i 178 loss 2.81503963470459
batch_i 179 loss 2.708113670349121
batch_i 180 loss 2.793337345123291
batch_i 181 loss 2.7706358432769775
batch_i 182 loss 2.735358238220215
batch_i 183 loss 2.6328015327453613
batch_i 184 loss 2.6522538661956787
batch_i 185 loss 2.7248036861419678
batch_i 186 loss 2.7409708499908447
batch_i 187 loss 2.62072491645813
batch_i 188 loss 2.6251108646392822
batch_i 189 loss 2.6830155849456787
batch_i 190 loss 2.6068310737609863
batch_i 191 loss 2.6891274452209473
batch_i 192 loss 2.5711872577667236
batch_i 193 loss 2.630688428878784
batch_i 194 loss 2.5165576934814453
batch_i 195 loss 2.511457681655884
batch_i 196 loss 2.619062662124634
batch_i 197 loss 2.6850662231445312
batch_i 198 loss 2.4878504276275635
batch_i 199 loss 2.6050641536712646
batch_i 200 loss 2.5101003646850586
batch_i 200 num_playouts 3000 win 5 lose 5 tie 0
batch_i 201 loss 2.4770047664642334
