batch_i 4 loss 2.5680596828460693
batch_i 5 loss 3.847759246826172
batch_i 6 loss 3.5238189697265625
batch_i 7 loss 3.104957103729248
batch_i 8 loss 2.9341111183166504
batch_i 9 loss 2.97713565826416
batch_i 10 loss 2.8499014377593994
batch_i 11 loss 2.838228702545166
batch_i 12 loss 3.0023672580718994
batch_i 13 loss 3.096759557723999
batch_i 14 loss 3.1136019229888916
batch_i 15 loss 3.016878366470337
batch_i 16 loss 3.1387009620666504
batch_i 17 loss 3.0113091468811035
batch_i 18 loss 2.952975034713745
batch_i 19 loss 3.086984634399414
batch_i 20 loss 2.9329352378845215
batch_i 21 loss 2.9282562732696533
batch_i 22 loss 3.0399296283721924
batch_i 23 loss 2.900770664215088
batch_i 24 loss 2.805210590362549
batch_i 25 loss 2.7812790870666504
batch_i 26 loss 2.826943874359131
batch_i 27 loss 2.754612445831299
batch_i 28 loss 2.813291549682617
batch_i 29 loss 2.8788492679595947
batch_i 30 loss 2.865128755569458
batch_i 31 loss 2.796652317047119
batch_i 32 loss 2.7774720191955566
batch_i 33 loss 2.8770034313201904
batch_i 34 loss 2.787806272506714
batch_i 35 loss 2.7563765048980713
batch_i 36 loss 2.95438551902771
batch_i 37 loss 2.74649715423584
batch_i 38 loss 2.9677200317382812
batch_i 39 loss 2.809870958328247
batch_i 40 loss 2.9650650024414062
batch_i 41 loss 2.9902524948120117
batch_i 42 loss 2.9743900299072266
batch_i 43 loss 2.9176125526428223
batch_i 44 loss 3.039198160171509
batch_i 45 loss 2.897320032119751
batch_i 46 loss 2.894412040710449
batch_i 47 loss 2.879528522491455
batch_i 48 loss 2.8842203617095947
batch_i 49 loss 2.9092955589294434
batch_i 50 loss 2.901695728302002
batch_i 50 num_playouts 1000 win 10 lose 0 tie 0
batch_i 51 loss 2.904627799987793
batch_i 52 loss 2.926421642303467
batch_i 53 loss 2.9240028858184814
batch_i 54 loss 2.995516300201416
batch_i 55 loss 2.9944987297058105
batch_i 56 loss 2.87986421585083
batch_i 57 loss 2.8262786865234375
batch_i 58 loss 2.8481791019439697
batch_i 59 loss 2.915487289428711
batch_i 60 loss 2.893523693084717
batch_i 61 loss 2.8629627227783203
batch_i 62 loss 2.9287219047546387
batch_i 63 loss 2.9220452308654785
batch_i 64 loss 3.062650203704834
batch_i 65 loss 2.8960530757904053
batch_i 66 loss 2.9075100421905518
batch_i 67 loss 2.9095945358276367
batch_i 68 loss 2.896329402923584
batch_i 69 loss 2.890505075454712
batch_i 70 loss 2.865760326385498
batch_i 71 loss 2.8814430236816406
batch_i 72 loss 2.842560291290283
batch_i 73 loss 2.8850345611572266
batch_i 74 loss 2.9729490280151367
batch_i 75 loss 2.875978469848633
batch_i 76 loss 2.954030990600586
batch_i 77 loss 2.869162082672119
batch_i 78 loss 2.876699686050415
batch_i 79 loss 2.929605007171631
batch_i 80 loss 2.8870346546173096
batch_i 81 loss 2.878051280975342
batch_i 82 loss 2.876258611679077
batch_i 83 loss 2.901283025741577
batch_i 84 loss 2.9040892124176025
batch_i 85 loss 2.853503942489624
batch_i 86 loss 2.9381885528564453
batch_i 87 loss 2.9492032527923584
batch_i 88 loss 2.830306053161621
batch_i 89 loss 2.83817458152771
batch_i 90 loss 2.898627996444702
batch_i 91 loss 2.9979732036590576
batch_i 92 loss 2.9554412364959717
batch_i 93 loss 2.8998429775238037
batch_i 94 loss 2.9335694313049316
batch_i 95 loss 2.801736831665039
batch_i 96 loss 2.8410897254943848
batch_i 97 loss 2.910215139389038
batch_i 98 loss 2.871791362762451
batch_i 99 loss 2.9758598804473877
batch_i 100 loss 2.79048490524292
batch_i 100 num_playouts 2000 win 10 lose 0 tie 0
batch_i 101 loss 2.8588478565216064
batch_i 102 loss 2.911618947982788
batch_i 103 loss 2.849611759185791
batch_i 104 loss 3.0615015029907227
batch_i 105 loss 2.9756388664245605
batch_i 106 loss 2.914898157119751
batch_i 107 loss 2.9407498836517334
batch_i 108 loss 3.060342311859131
batch_i 109 loss 2.8750557899475098
batch_i 110 loss 2.9706099033355713
batch_i 111 loss 2.921219825744629
batch_i 112 loss 3.10439395904541
batch_i 113 loss 2.994323492050171
batch_i 114 loss 2.9505937099456787
batch_i 115 loss 3.0430641174316406
batch_i 116 loss 2.9317102432250977
batch_i 117 loss 2.9907729625701904
batch_i 118 loss 2.9311888217926025
batch_i 119 loss 3.0134596824645996
batch_i 120 loss 2.9662275314331055
batch_i 121 loss 2.9162917137145996
batch_i 122 loss 2.911943197250366
batch_i 123 loss 3.01259708404541
batch_i 124 loss 3.0398855209350586
batch_i 125 loss 2.938001871109009
batch_i 126 loss 3.0920321941375732
batch_i 127 loss 2.997563362121582
batch_i 128 loss 2.9989237785339355
batch_i 129 loss 2.952868938446045
batch_i 130 loss 3.076083183288574
batch_i 131 loss 3.00435471534729
batch_i 132 loss 2.9851012229919434
batch_i 133 loss 3.0439724922180176
batch_i 134 loss 2.982356071472168
batch_i 135 loss 3.0467424392700195
batch_i 136 loss 3.0107438564300537
batch_i 137 loss 2.9342312812805176
batch_i 138 loss 2.9710986614227295
batch_i 139 loss 2.86240816116333
batch_i 140 loss 2.910552501678467
batch_i 141 loss 2.887544870376587
batch_i 142 loss 2.902919292449951
batch_i 143 loss 2.961822748184204
batch_i 144 loss 2.9849660396575928
batch_i 145 loss 2.926403045654297
batch_i 146 loss 2.9863245487213135
batch_i 147 loss 2.876603603363037
batch_i 148 loss 2.9080615043640137
batch_i 149 loss 2.8706789016723633
batch_i 150 loss 2.914771556854248
batch_i 150 num_playouts 3000 win 9 lose 0 tie 1
batch_i 151 loss 2.893343687057495
batch_i 152 loss 2.8995540142059326
batch_i 153 loss 2.9046316146850586
batch_i 154 loss 2.951340675354004
batch_i 155 loss 2.9729163646698
batch_i 156 loss 2.9077961444854736
batch_i 157 loss 2.980919361114502
batch_i 158 loss 3.0126774311065674
batch_i 159 loss 2.9783859252929688
batch_i 160 loss 2.9899518489837646
batch_i 161 loss 2.8740010261535645
batch_i 162 loss 2.942894220352173
batch_i 163 loss 2.954542398452759
batch_i 164 loss 3.0594828128814697
batch_i 165 loss 2.934579372406006
batch_i 166 loss 3.032975196838379
batch_i 167 loss 2.9992318153381348
batch_i 168 loss 3.0014920234680176
batch_i 169 loss 2.908132314682007
batch_i 170 loss 2.961590528488159
batch_i 171 loss 2.9013404846191406
batch_i 172 loss 2.848266363143921
batch_i 173 loss 2.930572032928467
batch_i 174 loss 2.8747613430023193
batch_i 175 loss 3.0055720806121826
batch_i 176 loss 3.0133261680603027
batch_i 177 loss 2.8715085983276367
batch_i 178 loss 2.9501900672912598
batch_i 179 loss 2.947251319885254
batch_i 180 loss 2.884273052215576
batch_i 181 loss 2.8504457473754883
batch_i 182 loss 2.916673421859741
batch_i 183 loss 2.942615032196045
batch_i 184 loss 2.8532536029815674
batch_i 185 loss 2.8687448501586914
batch_i 186 loss 2.8340907096862793
batch_i 187 loss 2.8260879516601562
batch_i 188 loss 2.908726215362549
batch_i 189 loss 2.840996026992798
batch_i 190 loss 2.8556926250457764
batch_i 191 loss 2.8806049823760986
batch_i 192 loss 2.782660484313965
batch_i 193 loss 2.9107699394226074
batch_i 194 loss 2.859788417816162
batch_i 195 loss 2.858933448791504
batch_i 196 loss 2.8050379753112793
batch_i 197 loss 2.882884979248047
batch_i 198 loss 2.738616704940796
batch_i 199 loss 2.8038108348846436
batch_i 200 loss 2.833723545074463
batch_i 200 num_playouts 3000 win 10 lose 0 tie 0
batch_i 201 loss 2.895644426345825
batch_i 202 loss 2.898674964904785
batch_i 203 loss 2.8914449214935303
batch_i 204 loss 2.8915562629699707
batch_i 205 loss 2.890465259552002
batch_i 206 loss 2.7531375885009766
batch_i 207 loss 2.732585906982422
batch_i 208 loss 2.806976795196533
batch_i 209 loss 2.8234775066375732
batch_i 210 loss 2.8293137550354004
batch_i 211 loss 2.8195877075195312
batch_i 212 loss 2.7714593410491943
batch_i 213 loss 2.7573156356811523
batch_i 214 loss 2.7418012619018555
batch_i 215 loss 2.8428592681884766
batch_i 216 loss 2.7881531715393066
batch_i 217 loss 2.7862720489501953
batch_i 218 loss 2.8048925399780273
batch_i 219 loss 2.746316909790039
batch_i 220 loss 2.748037815093994
batch_i 221 loss 2.720107078552246
batch_i 222 loss 2.667880058288574
batch_i 223 loss 2.697653293609619
batch_i 224 loss 2.793079137802124
batch_i 225 loss 2.663857936859131
batch_i 226 loss 2.6715610027313232
batch_i 227 loss 2.7660021781921387
batch_i 228 loss 2.6953907012939453
batch_i 229 loss 2.707336187362671
batch_i 230 loss 2.7169554233551025
batch_i 231 loss 2.7053580284118652
batch_i 232 loss 2.735118865966797
batch_i 233 loss 2.6775286197662354
batch_i 234 loss 2.7220005989074707
batch_i 235 loss 2.5911436080932617
batch_i 236 loss 2.6349403858184814
batch_i 237 loss 2.625570774078369
batch_i 238 loss 2.6173362731933594
batch_i 239 loss 2.6731131076812744
batch_i 240 loss 2.61189866065979
batch_i 241 loss 2.5961532592773438
batch_i 242 loss 2.618663787841797
batch_i 243 loss 2.6313867568969727
batch_i 244 loss 2.6179308891296387
batch_i 245 loss 2.6895761489868164
batch_i 246 loss 2.663560628890991
batch_i 247 loss 2.626067638397217
batch_i 248 loss 2.6036179065704346
batch_i 249 loss 2.7392220497131348
batch_i 250 loss 2.6553237438201904
batch_i 250 num_playouts 4000 win 9 lose 0 tie 1
batch_i 251 loss 2.7033133506774902
batch_i 252 loss 2.703096866607666
batch_i 253 loss 2.691465139389038
batch_i 254 loss 2.6862449645996094
batch_i 255 loss 2.6912384033203125
batch_i 256 loss 2.708498001098633
batch_i 257 loss 2.799220085144043
batch_i 258 loss 2.7574267387390137
batch_i 259 loss 2.702404022216797
batch_i 260 loss 2.734703540802002
batch_i 261 loss 2.8059115409851074
batch_i 262 loss 2.760188102722168
batch_i 263 loss 2.746879816055298
batch_i 264 loss 2.7878530025482178
batch_i 265 loss 2.7196707725524902
batch_i 266 loss 2.7846460342407227
batch_i 267 loss 2.6545772552490234
batch_i 268 loss 2.69010591506958
batch_i 269 loss 2.717003583908081
batch_i 270 loss 2.6868345737457275
batch_i 271 loss 2.6789958477020264
batch_i 272 loss 2.6970252990722656
batch_i 273 loss 2.578490972518921
batch_i 274 loss 2.676175594329834
batch_i 275 loss 2.7031965255737305
batch_i 276 loss 2.758950710296631
batch_i 277 loss 2.6623480319976807
batch_i 278 loss 2.813298463821411
batch_i 279 loss 2.6337578296661377
batch_i 280 loss 2.7300424575805664
batch_i 281 loss 2.796083927154541
batch_i 282 loss 2.647545337677002
batch_i 283 loss 2.673248767852783
batch_i 284 loss 2.623279094696045
batch_i 285 loss 2.6618432998657227
batch_i 286 loss 2.7318029403686523
batch_i 287 loss 2.7480850219726562
batch_i 288 loss 2.657104015350342
batch_i 289 loss 2.7739264965057373
batch_i 290 loss 2.685464859008789
batch_i 291 loss 2.6763157844543457
batch_i 292 loss 2.6896352767944336
batch_i 293 loss 2.659447193145752
batch_i 294 loss 2.721920967102051
batch_i 295 loss 2.6335525512695312
batch_i 296 loss 2.6274542808532715
batch_i 297 loss 2.652907371520996
batch_i 298 loss 2.7012908458709717
batch_i 299 loss 2.637779951095581
batch_i 300 loss 2.6223649978637695
batch_i 300 num_playouts 4000 win 8 lose 2 tie 0
batch_i 301 loss 2.6972553730010986
batch_i 302 loss 2.728379726409912
batch_i 303 loss 2.6211729049682617
batch_i 304 loss 2.7318673133850098
batch_i 305 loss 2.712162494659424
batch_i 306 loss 2.688101291656494
batch_i 307 loss 2.7312049865722656
batch_i 308 loss 2.6301705837249756
batch_i 309 loss 2.6155266761779785
batch_i 310 loss 2.636775493621826
batch_i 311 loss 2.6142234802246094
batch_i 312 loss 2.678724765777588
batch_i 313 loss 2.7277557849884033
batch_i 314 loss 2.647350311279297
batch_i 315 loss 2.614609956741333
batch_i 316 loss 2.576483964920044
batch_i 317 loss 2.6172802448272705
batch_i 318 loss 2.5795230865478516
batch_i 319 loss 2.6507816314697266
batch_i 320 loss 2.685260534286499
batch_i 321 loss 2.698303699493408
batch_i 322 loss 2.649411916732788
batch_i 323 loss 2.7716102600097656
batch_i 324 loss 2.730173110961914
batch_i 325 loss 2.6632204055786133
batch_i 326 loss 2.6186604499816895
batch_i 327 loss 2.657801389694214
batch_i 328 loss 2.631122589111328
batch_i 329 loss 2.6819658279418945
batch_i 330 loss 2.6366474628448486
batch_i 331 loss 2.766779899597168
batch_i 332 loss 2.763835906982422
batch_i 333 loss 2.6658756732940674
batch_i 334 loss 2.647759199142456
batch_i 335 loss 2.625291347503662
batch_i 336 loss 2.589872360229492
batch_i 337 loss 2.684950351715088
batch_i 338 loss 2.719033718109131
batch_i 339 loss 2.6346192359924316
batch_i 340 loss 2.6756086349487305
batch_i 341 loss 2.6653261184692383
batch_i 342 loss 2.6550636291503906
batch_i 343 loss 2.594700813293457
batch_i 344 loss 2.611602544784546
batch_i 345 loss 2.612846612930298
batch_i 346 loss 2.7199549674987793
batch_i 347 loss 2.769981622695923
batch_i 348 loss 2.7638566493988037
batch_i 349 loss 2.697740077972412
batch_i 350 loss 2.6857075691223145
batch_i 350 num_playouts 4000 win 8 lose 2 tie 0
batch_i 351 loss 2.623311758041382
batch_i 352 loss 2.7398972511291504
batch_i 353 loss 2.6970584392547607
batch_i 354 loss 2.7660794258117676
batch_i 355 loss 2.7202844619750977
batch_i 356 loss 2.725029230117798
batch_i 357 loss 2.6633381843566895
batch_i 358 loss 2.64475154876709
batch_i 359 loss 2.6625146865844727
batch_i 360 loss 2.6431970596313477
batch_i 361 loss 2.644674777984619
batch_i 362 loss 2.6897571086883545
batch_i 363 loss 2.6124837398529053
batch_i 364 loss 2.6010918617248535
batch_i 365 loss 2.598677396774292
batch_i 366 loss 2.652766704559326
batch_i 367 loss 2.5870296955108643
batch_i 368 loss 2.535191059112549
batch_i 369 loss 2.4837026596069336
batch_i 370 loss 2.546635150909424
batch_i 371 loss 2.6751646995544434
batch_i 372 loss 2.549138069152832
batch_i 373 loss 2.6089470386505127
batch_i 374 loss 2.648897409439087
batch_i 375 loss 2.538846969604492
batch_i 376 loss 2.6620826721191406
batch_i 377 loss 2.5251805782318115
batch_i 378 loss 2.652989625930786
batch_i 379 loss 2.592029571533203
batch_i 380 loss 2.5693726539611816
batch_i 381 loss 2.5110599994659424
batch_i 382 loss 2.5077383518218994
batch_i 383 loss 2.4833922386169434
batch_i 384 loss 2.4983601570129395
batch_i 385 loss 2.5532352924346924
batch_i 386 loss 2.55171275138855
batch_i 387 loss 2.4891839027404785
batch_i 388 loss 2.565591812133789
batch_i 389 loss 2.5873708724975586
batch_i 390 loss 2.5721230506896973
batch_i 391 loss 2.565539836883545
batch_i 392 loss 2.612030267715454
batch_i 393 loss 2.508772373199463
batch_i 394 loss 2.6028494834899902
batch_i 395 loss 2.66634464263916
batch_i 396 loss 2.61474871635437
batch_i 397 loss 2.6022918224334717
batch_i 398 loss 2.574582815170288
batch_i 399 loss 2.6353976726531982
batch_i 400 loss 2.623450994491577
batch_i 400 num_playouts 4000 win 8 lose 2 tie 0
batch_i 401 loss 2.4878692626953125
batch_i 402 loss 2.696014404296875
batch_i 403 loss 2.6370978355407715
batch_i 404 loss 2.775090456008911
batch_i 405 loss 2.577664375305176
batch_i 406 loss 2.5996344089508057
batch_i 407 loss 2.773066997528076
batch_i 408 loss 2.627904176712036
batch_i 409 loss 2.6348161697387695
batch_i 410 loss 2.740779161453247
batch_i 411 loss 2.529885768890381
batch_i 412 loss 2.768373489379883
batch_i 413 loss 2.7306101322174072
batch_i 414 loss 2.654503583908081
batch_i 415 loss 2.7070627212524414
batch_i 416 loss 2.6486363410949707
batch_i 417 loss 2.7455339431762695
batch_i 418 loss 2.7099452018737793
batch_i 419 loss 2.6473982334136963
batch_i 420 loss 2.6680564880371094
batch_i 421 loss 2.725428581237793
batch_i 422 loss 2.687744617462158
batch_i 423 loss 2.6578216552734375
batch_i 424 loss 2.630847215652466
batch_i 425 loss 2.7168285846710205
batch_i 426 loss 2.7667908668518066
batch_i 427 loss 2.7846457958221436
batch_i 428 loss 2.6604676246643066
batch_i 429 loss 2.7391111850738525
batch_i 430 loss 2.8148458003997803
batch_i 431 loss 2.784811019897461
batch_i 432 loss 2.837804079055786
batch_i 433 loss 2.7200863361358643
batch_i 434 loss 2.737725257873535
batch_i 435 loss 2.623941421508789
batch_i 436 loss 2.6824393272399902
batch_i 437 loss 2.7694172859191895
batch_i 438 loss 2.682918071746826
batch_i 439 loss 2.7026522159576416
batch_i 440 loss 2.635875701904297
batch_i 441 loss 2.726357936859131
batch_i 442 loss 2.7020421028137207
batch_i 443 loss 2.614591360092163
batch_i 444 loss 2.627877712249756
batch_i 445 loss 2.76871395111084
batch_i 446 loss 2.638697624206543
batch_i 447 loss 2.709559440612793
batch_i 448 loss 2.745575428009033
batch_i 449 loss 2.6715803146362305
batch_i 450 loss 2.7822887897491455
batch_i 450 num_playouts 4000 win 9 lose 0 tie 1
batch_i 451 loss 2.797548294067383
batch_i 452 loss 2.720021963119507
batch_i 453 loss 2.7322072982788086
batch_i 454 loss 2.7276835441589355
batch_i 455 loss 2.7879629135131836
batch_i 456 loss 2.690098524093628
batch_i 457 loss 2.806098222732544
batch_i 458 loss 2.7228057384490967
batch_i 459 loss 2.641932964324951
batch_i 460 loss 2.7450547218322754
batch_i 461 loss 2.680185079574585
batch_i 462 loss 2.8221378326416016
batch_i 463 loss 2.7342474460601807
batch_i 464 loss 2.6965672969818115
batch_i 465 loss 2.6200613975524902
batch_i 466 loss 2.6399097442626953
batch_i 467 loss 2.5850627422332764
batch_i 468 loss 2.6269619464874268
batch_i 469 loss 2.5200817584991455
batch_i 470 loss 2.6976234912872314
batch_i 471 loss 2.5637013912200928
batch_i 472 loss 2.528085708618164
batch_i 473 loss 2.728477716445923
batch_i 474 loss 2.6259665489196777
batch_i 475 loss 2.7063891887664795
batch_i 476 loss 2.734586477279663
batch_i 477 loss 2.68534517288208
batch_i 478 loss 2.616504192352295
batch_i 479 loss 2.675696611404419
batch_i 480 loss 2.7252116203308105
batch_i 481 loss 2.689439535140991
batch_i 482 loss 2.66690731048584
batch_i 483 loss 2.6506187915802
batch_i 484 loss 2.661015272140503
batch_i 485 loss 2.7139034271240234
batch_i 486 loss 2.614562511444092
batch_i 487 loss 2.619123935699463
batch_i 488 loss 2.7207260131835938
batch_i 489 loss 2.7394094467163086
batch_i 490 loss 2.65645432472229
batch_i 491 loss 2.6333727836608887
batch_i 492 loss 2.7742018699645996
batch_i 493 loss 2.58375883102417
batch_i 494 loss 2.5646016597747803
batch_i 495 loss 2.672898769378662
batch_i 496 loss 2.7654874324798584
batch_i 497 loss 2.7652390003204346
batch_i 498 loss 2.7092373371124268
batch_i 499 loss 2.7381231784820557
batch_i 500 loss 2.6827878952026367
batch_i 500 num_playouts 4000 win 8 lose 2 tie 0
batch_i 501 loss 2.7085089683532715
batch_i 502 loss 2.861368179321289
batch_i 503 loss 2.651503086090088
batch_i 504 loss 2.7353675365448
batch_i 505 loss 2.7921218872070312
batch_i 506 loss 2.7419042587280273
batch_i 507 loss 2.8426148891448975
batch_i 508 loss 2.7113823890686035
batch_i 509 loss 2.7772655487060547
batch_i 510 loss 2.669049024581909
batch_i 511 loss 2.724890947341919
batch_i 512 loss 2.708554983139038
batch_i 513 loss 2.8082115650177
batch_i 514 loss 2.697129249572754
batch_i 515 loss 2.7088205814361572
batch_i 516 loss 2.7181143760681152
batch_i 517 loss 2.6506052017211914
batch_i 518 loss 2.7375071048736572
batch_i 519 loss 2.7301065921783447
batch_i 520 loss 2.6387343406677246
batch_i 521 loss 2.6270928382873535
batch_i 522 loss 2.7118115425109863
batch_i 523 loss 2.6586508750915527
batch_i 524 loss 2.7252461910247803
batch_i 525 loss 2.7172417640686035
batch_i 526 loss 2.681673526763916
batch_i 527 loss 2.685793399810791
batch_i 528 loss 2.732916831970215
batch_i 529 loss 2.715200662612915
batch_i 530 loss 2.684227466583252
batch_i 531 loss 2.6522231101989746
batch_i 532 loss 2.697394847869873
batch_i 533 loss 2.6890323162078857
batch_i 534 loss 2.6254830360412598
batch_i 535 loss 2.647149085998535
batch_i 536 loss 2.565429449081421
batch_i 537 loss 2.566771984100342
batch_i 538 loss 2.632347345352173
batch_i 539 loss 2.6158716678619385
batch_i 540 loss 2.5448825359344482
batch_i 541 loss 2.545013189315796
batch_i 542 loss 2.537245035171509
batch_i 543 loss 2.530942678451538
batch_i 544 loss 2.616518974304199
batch_i 545 loss 2.595777988433838
batch_i 546 loss 2.4917397499084473
batch_i 547 loss 2.6594152450561523
batch_i 548 loss 2.613447666168213
batch_i 549 loss 2.615900993347168
batch_i 550 loss 2.5033745765686035
batch_i 550 num_playouts 4000 win 10 lose 0 tie 0
batch_i 551 loss 2.508349657058716
batch_i 552 loss 2.634176254272461
batch_i 553 loss 2.541749954223633
batch_i 554 loss 2.423301935195923
batch_i 555 loss 2.4941859245300293
batch_i 556 loss 2.4658374786376953
batch_i 557 loss 2.6454074382781982
batch_i 558 loss 2.4982621669769287
batch_i 559 loss 2.6327667236328125
batch_i 560 loss 2.6258323192596436
batch_i 561 loss 2.5378267765045166
batch_i 562 loss 2.5101287364959717
batch_i 563 loss 2.5135750770568848
batch_i 564 loss 2.49637508392334
batch_i 565 loss 2.603759765625
batch_i 566 loss 2.51509428024292
batch_i 567 loss 2.5919666290283203
batch_i 568 loss 2.5884053707122803
batch_i 569 loss 2.482999086380005
batch_i 570 loss 2.5781781673431396
batch_i 571 loss 2.5553481578826904
batch_i 572 loss 2.546398639678955
batch_i 573 loss 2.5512242317199707
batch_i 574 loss 2.5362722873687744
batch_i 575 loss 2.584078311920166
batch_i 576 loss 2.5395822525024414
batch_i 577 loss 2.681412696838379
batch_i 578 loss 2.518756628036499
batch_i 579 loss 2.580612897872925
batch_i 580 loss 2.528290271759033
batch_i 581 loss 2.5044126510620117
batch_i 582 loss 2.4865589141845703
batch_i 583 loss 2.476799964904785
batch_i 584 loss 2.5698959827423096
batch_i 585 loss 2.541898250579834
batch_i 586 loss 2.5341365337371826
batch_i 587 loss 2.5981781482696533
batch_i 588 loss 2.5701639652252197
batch_i 589 loss 2.5152621269226074
batch_i 590 loss 2.5674142837524414
batch_i 591 loss 2.750295400619507
batch_i 592 loss 2.636869192123413
batch_i 593 loss 2.6419756412506104
batch_i 594 loss 2.5618784427642822
batch_i 595 loss 2.512939929962158
batch_i 596 loss 2.6126153469085693
batch_i 597 loss 2.5405070781707764
batch_i 598 loss 2.5485966205596924
batch_i 599 loss 2.5778133869171143
batch_i 600 loss 2.5799145698547363
batch_i 600 num_playouts 5000 win 8 lose 2 tie 0
batch_i 601 loss 2.571355104446411
batch_i 602 loss 2.514838933944702
batch_i 603 loss 2.4746909141540527
batch_i 604 loss 2.671299457550049
batch_i 605 loss 2.565441131591797
batch_i 606 loss 2.59609055519104
batch_i 607 loss 2.5831241607666016
batch_i 608 loss 2.7231521606445312
batch_i 609 loss 2.703932046890259
batch_i 610 loss 2.748345375061035
batch_i 611 loss 2.7063539028167725
batch_i 612 loss 2.6465706825256348
batch_i 613 loss 2.6682305335998535
batch_i 614 loss 2.6719017028808594
batch_i 615 loss 2.6499459743499756
batch_i 616 loss 2.673914670944214
batch_i 617 loss 2.644068956375122
batch_i 618 loss 2.715656280517578
batch_i 619 loss 2.651627540588379
batch_i 620 loss 2.6293094158172607
batch_i 621 loss 2.647738456726074
batch_i 622 loss 2.5904035568237305
batch_i 623 loss 2.705418109893799
batch_i 624 loss 2.768490791320801
batch_i 625 loss 2.6240813732147217
batch_i 626 loss 2.6973142623901367
batch_i 627 loss 2.7406790256500244
batch_i 628 loss 2.7089757919311523
batch_i 629 loss 2.5572404861450195
batch_i 630 loss 2.7108805179595947
batch_i 631 loss 2.7152953147888184
batch_i 632 loss 2.6426167488098145
batch_i 633 loss 2.5886337757110596
batch_i 634 loss 2.7003061771392822
batch_i 635 loss 2.612602710723877
batch_i 636 loss 2.50771427154541
batch_i 637 loss 2.591578245162964
batch_i 638 loss 2.6492295265197754
batch_i 639 loss 2.598132610321045
batch_i 640 loss 2.5301880836486816
batch_i 641 loss 2.5345542430877686
batch_i 642 loss 2.637824296951294
batch_i 643 loss 2.5506844520568848
batch_i 644 loss 2.4404261112213135
batch_i 645 loss 2.579238176345825
batch_i 646 loss 2.5723910331726074
batch_i 647 loss 2.5153281688690186
batch_i 648 loss 2.666517734527588
batch_i 649 loss 2.540721893310547
batch_i 650 loss 2.5869083404541016
